#
# A fatal error has been detected by the Java Runtime Environment:
#
#  Internal Error (methodData.cpp:1025), pid=23295, tid=0x0000ea842fddf1a0
#  Error: ShouldNotReachHere()
#
# JRE version: OpenJDK Runtime Environment (8.0_462-b08) (build 1.8.0_462-8u462-ga~us1-0ubuntu2~24.04.2-b08)
# Java VM: OpenJDK 64-Bit Server VM (25.462-b08 mixed mode linux-aarch64 compressed oops)
# Failed to write core dump. Core dumps have been disabled. To enable core dumping, try "ulimit -c unlimited" before starting Java again
#
# If you would like to submit a bug report, please visit:
#   http://bugreport.java.com/bugreport/crash.jsp
#

---------------  T H R E A D  ---------------

Current thread (0x0000ea84440dd800):  VMThread [stack: 0x0000ea842fbe0000,0x0000ea842fde0000] [id=23377]

Stack: [0x0000ea842fbe0000,0x0000ea842fde0000],  sp=0x0000ea842fdddce0,  free space=2039k
Native frames: (J=compiled Java code, j=interpreted, Vv=VM code, C=native code)
V  [libjvm.so+0xae72e8]
V  [libjvm.so+0x4adac4]
V  [libjvm.so+0x8be3dc]
V  [libjvm.so+0x8c02fc]
V  [libjvm.so+0x604900]
V  [libjvm.so+0x7c235c]
V  [libjvm.so+0x48c038]
V  [libjvm.so+0x48f2d8]
V  [libjvm.so+0x48f684]
V  [libjvm.so+0x4904b8]
V  [libjvm.so+0xae498c]
V  [libjvm.so+0xaf04d0]
V  [libjvm.so+0xaee144]
V  [libjvm.so+0xaee718]
V  [libjvm.so+0xaeea98]
V  [libjvm.so+0x921c74]
C  [libc.so.6+0x8595c]

VM_Operation (0x0000ea84483af780): CMS_Final_Remark, mode: safepoint, requested by thread 0x0000ea844408b000


---------------  P R O C E S S  ---------------

Java Threads: ( => current thread )
  0x0000ea8438b19800 JavaThread "ReadOnlyZKClient-127.0.0.1:2181@0x001d4cc7-EventThread" daemon [_thread_blocked, id=23423, stack(0x0000ea842a600000,0x0000ea842a800000)]
  0x0000ea843806c800 JavaThread "ReadOnlyZKClient-127.0.0.1:2181@0x001d4cc7-SendThread(127.0.0.1:2181)" daemon [_thread_in_native, id=23422, stack(0x0000ea842a800000,0x0000ea842aa00000)]
  0x0000ea8446120000 JavaThread "Async-Client-Retry-Timer-pool-0" daemon [_thread_blocked, id=23421, stack(0x0000ea842ac00000,0x0000ea842ae00000)]
  0x0000ea8446119000 JavaThread "ReadOnlyZKClient-127.0.0.1:2181@0x001d4cc7" daemon [_thread_blocked, id=23420, stack(0x0000ea842ae00000,0x0000ea842b000000)]
  0x0000ea8445d2c000 JavaThread "Ruby-0-JIT-1" daemon [_thread_blocked, id=23414, stack(0x0000ea842b600000,0x0000ea842b800000)]
  0x0000ea8445943000 JavaThread "NonBlockingInputStreamThread" daemon [_thread_blocked, id=23411, stack(0x0000ea842be00000,0x0000ea842c000000)]
  0x0000ea8444f35800 JavaThread "process reaper" daemon [_thread_blocked, id=23401, stack(0x0000ea842cbc7000,0x0000ea842cc00000)]
  0x0000ea844412b800 JavaThread "Service Thread" daemon [_thread_blocked, id=23385, stack(0x0000ea842e400000,0x0000ea842e600000)]
  0x0000ea8444128000 JavaThread "C1 CompilerThread2" daemon [_thread_blocked, id=23384, stack(0x0000ea842e7e0000,0x0000ea842e9e0000)]
  0x0000ea8444126000 JavaThread "C2 CompilerThread1" daemon [_thread_blocked, id=23383, stack(0x0000ea842e9f0000,0x0000ea842ebf0000)]
  0x0000ea8444124000 JavaThread "C2 CompilerThread0" daemon [_thread_blocked, id=23382, stack(0x0000ea842ec00000,0x0000ea842ee00000)]
  0x0000ea844411e000 JavaThread "Signal Dispatcher" daemon [_thread_blocked, id=23381, stack(0x0000ea842ee00000,0x0000ea842f000000)]
  0x0000ea844411a000 JavaThread "Surrogate Locker Thread (Concurrent GC)" daemon [_thread_blocked, id=23380, stack(0x0000ea842f000000,0x0000ea842f200000)]
  0x0000ea84440ec000 JavaThread "Finalizer" daemon [_thread_blocked, id=23379, stack(0x0000ea842f600000,0x0000ea842f800000)]
  0x0000ea84440e7800 JavaThread "Reference Handler" daemon [_thread_blocked, id=23378, stack(0x0000ea842f800000,0x0000ea842fa00000)]
  0x0000ea8444013000 JavaThread "main" [_thread_blocked, id=23367, stack(0x0000ea844aae0000,0x0000ea844ace0000)]

Other Threads:
=>0x0000ea84440dd800 VMThread [stack: 0x0000ea842fbe0000,0x0000ea842fde0000] [id=23377]
  0x0000ea844412e800 WatcherThread [stack: 0x0000ea842e200000,0x0000ea842e400000] [id=23386]

VM state:at safepoint (normal execution)

VM Mutex/Monitor currently owned by a thread:  ([mutex/lock_event])
[0x0000ea84440118b0] Threads_lock - owner thread: 0x0000ea84440dd800
[0x0000ea8444011e30] Heap_lock - owner thread: 0x0000ea844408b000

heap address: 0x0000000084400000, size: 1980 MB, Compressed Oops mode: 32-bit
Narrow klass base: 0x0000000000000000, Narrow klass shift: 3
Compressed class space size: 1073741824 Address: 0x0000000100000000

Heap:
 par new generation   total 38080K, used 24723K [0x0000000084400000, 0x0000000086d50000, 0x00000000a3730000)
  eden space 33856K,  61% used [0x0000000084400000, 0x000000008583bfd0, 0x0000000086510000)
  from space 4224K,  94% used [0x0000000086510000, 0x00000000868f8e20, 0x0000000086930000)
  to   space 4224K,   0% used [0x0000000086930000, 0x0000000086930000, 0x0000000086d50000)
 concurrent mark-sweep generation total 84672K, used 47033K [0x00000000a3730000, 0x00000000a89e0000, 0x0000000100000000)
 Metaspace       used 49972K, capacity 51633K, committed 51892K, reserved 1093632K
  class space    used 7855K, capacity 8205K, committed 8284K, reserved 1048576K

Card table byte_map: [0x0000ea84495c1000,0x0000ea84499a0000] byte_map_base: 0x0000ea844919f000

Marking Bits: (CMSBitMap*) 0x0000ea8444085f88
 Bits: [0x0000ea84328dc000, 0x0000ea8433fff400)

Mod Union Table: (CMSBitMap*) 0x0000ea8444086048
 Bits: [0x0000ea844a892000, 0x0000ea844a8ee8d0)

Polling page: 0x0000ea844c119000

CodeCache: size=131072Kb used=15658Kb max_used=16656Kb free=115413Kb
 bounds [0x0000ea843c000000, 0x0000ea843d090000, 0x0000ea8444000000]
 total_blobs=5712 nmethods=5018 adapters=608
 compilation: enabled

Compilation events (10 events):
Event: 2.249 Thread 0x0000ea8444128000 nmethod 5844 0x0000ea843c6f5710 code [0x0000ea843c6f5880, 0x0000ea843c6f5aa8]
Event: 2.249 Thread 0x0000ea8444124000 nmethod 5838 0x0000ea843c304510 code [0x0000ea843c3046c0, 0x0000ea843c305010]
Event: 2.254 Thread 0x0000ea8444126000 5845       4       java.util.HashSet::iterator (13 bytes)
Event: 2.256 Thread 0x0000ea8444128000 5847       3       org.apache.logging.log4j.core.util.NameUtil::getSubName (32 bytes)
Event: 2.256 Thread 0x0000ea8444126000 nmethod 5845 0x0000ea843c3f8a50 code [0x0000ea843c3f8c40, 0x0000ea843c3f90d0]
Event: 2.256 Thread 0x0000ea8444128000 nmethod 5847 0x0000ea843c1bdc90 code [0x0000ea843c1bde40, 0x0000ea843c1be3c8]
Event: 2.256 Thread 0x0000ea8444128000 5848       1       org.apache.logging.log4j.core.LoggerContext::getConfigLocation (5 bytes)
Event: 2.256 Thread 0x0000ea8444128000 nmethod 5848 0x0000ea843c57c110 code [0x0000ea843c57c240, 0x0000ea843c57c2d0]
Event: 2.262 Thread 0x0000ea8444128000 5849       3       java.io.DataOutputStream::writeInt (65 bytes)
Event: 2.262 Thread 0x0000ea8444128000 nmethod 5849 0x0000ea843c3ed9d0 code [0x0000ea843c3edb80, 0x0000ea843c3ee100]

GC Heap History (10 events):
Event: 1.988 GC heap before
{Heap before GC invocations=27 (full 1):
 par new generation   total 38080K, used 35240K [0x0000000084400000, 0x0000000086d50000, 0x00000000a3730000)
  eden space 33856K, 100% used [0x0000000084400000, 0x0000000086510000, 0x0000000086510000)
  from space 4224K,  32% used [0x0000000086930000, 0x0000000086a8a1d8, 0x0000000086d50000)
  to   space 4224K,   0% used [0x0000000086510000, 0x0000000086510000, 0x0000000086930000)
 concurrent mark-sweep generation total 84672K, used 44472K [0x00000000a3730000, 0x00000000a89e0000, 0x0000000100000000)
 Metaspace       used 45049K, capacity 46537K, committed 46676K, reserved 1089536K
  class space    used 7184K, capacity 7508K, committed 7540K, reserved 1048576K
Event: 1.990 GC heap after
Heap after GC invocations=28 (full 1):
 par new generation   total 38080K, used 2989K [0x0000000084400000, 0x0000000086d50000, 0x00000000a3730000)
  eden space 33856K,   0% used [0x0000000084400000, 0x0000000084400000, 0x0000000086510000)
  from space 4224K,  70% used [0x0000000086510000, 0x00000000867fb608, 0x0000000086930000)
  to   space 4224K,   0% used [0x0000000086930000, 0x0000000086930000, 0x0000000086d50000)
 concurrent mark-sweep generation total 84672K, used 44472K [0x00000000a3730000, 0x00000000a89e0000, 0x0000000100000000)
 Metaspace       used 45049K, capacity 46537K, committed 46676K, reserved 1089536K
  class space    used 7184K, capacity 7508K, committed 7540K, reserved 1048576K
}
Event: 2.008 GC heap before
{Heap before GC invocations=28 (full 1):
 par new generation   total 38080K, used 36845K [0x0000000084400000, 0x0000000086d50000, 0x00000000a3730000)
  eden space 33856K, 100% used [0x0000000084400000, 0x0000000086510000, 0x0000000086510000)
  from space 4224K,  70% used [0x0000000086510000, 0x00000000867fb608, 0x0000000086930000)
  to   space 4224K,   0% used [0x0000000086930000, 0x0000000086930000, 0x0000000086d50000)
 concurrent mark-sweep generation total 84672K, used 44472K [0x00000000a3730000, 0x00000000a89e0000, 0x0000000100000000)
 Metaspace       used 45067K, capacity 46605K, committed 46932K, reserved 1089536K
  class space    used 7184K, capacity 7508K, committed 7540K, reserved 1048576K
Event: 2.010 GC heap after
Heap after GC invocations=29 (full 1):
 par new generation   total 38080K, used 2626K [0x0000000084400000, 0x0000000086d50000, 0x00000000a3730000)
  eden space 33856K,   0% used [0x0000000084400000, 0x0000000084400000, 0x0000000086510000)
  from space 4224K,  62% used [0x0000000086930000, 0x0000000086bc0838, 0x0000000086d50000)
  to   space 4224K,   0% used [0x0000000086510000, 0x0000000086510000, 0x0000000086930000)
 concurrent mark-sweep generation total 84672K, used 45245K [0x00000000a3730000, 0x00000000a89e0000, 0x0000000100000000)
 Metaspace       used 45067K, capacity 46605K, committed 46932K, reserved 1089536K
  class space    used 7184K, capacity 7508K, committed 7540K, reserved 1048576K
}
Event: 2.053 GC heap before
{Heap before GC invocations=29 (full 1):
 par new generation   total 38080K, used 36482K [0x0000000084400000, 0x0000000086d50000, 0x00000000a3730000)
  eden space 33856K, 100% used [0x0000000084400000, 0x0000000086510000, 0x0000000086510000)
  from space 4224K,  62% used [0x0000000086930000, 0x0000000086bc0838, 0x0000000086d50000)
  to   space 4224K,   0% used [0x0000000086510000, 0x0000000086510000, 0x0000000086930000)
 concurrent mark-sweep generation total 84672K, used 45245K [0x00000000a3730000, 0x00000000a89e0000, 0x0000000100000000)
 Metaspace       used 45287K, capacity 46827K, committed 46988K, reserved 1089536K
  class space    used 7245K, capacity 7574K, committed 7596K, reserved 1048576K
Event: 2.054 GC heap after
Heap after GC invocations=30 (full 1):
 par new generation   total 38080K, used 2319K [0x0000000084400000, 0x0000000086d50000, 0x00000000a3730000)
  eden space 33856K,   0% used [0x0000000084400000, 0x0000000084400000, 0x0000000086510000)
  from space 4224K,  54% used [0x0000000086510000, 0x0000000086753e50, 0x0000000086930000)
  to   space 4224K,   0% used [0x0000000086930000, 0x0000000086930000, 0x0000000086d50000)
 concurrent mark-sweep generation total 84672K, used 45245K [0x00000000a3730000, 0x00000000a89e0000, 0x0000000100000000)
 Metaspace       used 45287K, capacity 46827K, committed 46988K, reserved 1089536K
  class space    used 7245K, capacity 7574K, committed 7596K, reserved 1048576K
}
Event: 2.114 GC heap before
{Heap before GC invocations=30 (full 1):
 par new generation   total 38080K, used 36175K [0x0000000084400000, 0x0000000086d50000, 0x00000000a3730000)
  eden space 33856K, 100% used [0x0000000084400000, 0x0000000086510000, 0x0000000086510000)
  from space 4224K,  54% used [0x0000000086510000, 0x0000000086753e50, 0x0000000086930000)
  to   space 4224K,   0% used [0x0000000086930000, 0x0000000086930000, 0x0000000086d50000)
 concurrent mark-sweep generation total 84672K, used 45245K [0x00000000a3730000, 0x00000000a89e0000, 0x0000000100000000)
 Metaspace       used 46507K, capacity 48083K, committed 48240K, reserved 1089536K
  class space    used 7405K, capacity 7734K, committed 7800K, reserved 1048576K
Event: 2.116 GC heap after
Heap after GC invocations=31 (full 1):
 par new generation   total 38080K, used 4152K [0x0000000084400000, 0x0000000086d50000, 0x00000000a3730000)
  eden space 33856K,   0% used [0x0000000084400000, 0x0000000084400000, 0x0000000086510000)
  from space 4224K,  98% used [0x0000000086930000, 0x0000000086d3e1e0, 0x0000000086d50000)
  to   space 4224K,   0% used [0x0000000086510000, 0x0000000086510000, 0x0000000086930000)
 concurrent mark-sweep generation total 84672K, used 45245K [0x00000000a3730000, 0x00000000a89e0000, 0x0000000100000000)
 Metaspace       used 46507K, capacity 48083K, committed 48240K, reserved 1089536K
  class space    used 7405K, capacity 7734K, committed 7800K, reserved 1048576K
}
Event: 2.226 GC heap before
{Heap before GC invocations=31 (full 2):
 par new generation   total 38080K, used 38008K [0x0000000084400000, 0x0000000086d50000, 0x00000000a3730000)
  eden space 33856K, 100% used [0x0000000084400000, 0x0000000086510000, 0x0000000086510000)
  from space 4224K,  98% used [0x0000000086930000, 0x0000000086d3e1e0, 0x0000000086d50000)
  to   space 4224K,   0% used [0x0000000086510000, 0x0000000086510000, 0x0000000086930000)
 concurrent mark-sweep generation total 84672K, used 45245K [0x00000000a3730000, 0x00000000a89e0000, 0x0000000100000000)
 Metaspace       used 48565K, capacity 50123K, committed 50308K, reserved 1091584K
  class space    used 7683K, capacity 8028K, committed 8080K, reserved 1048576K
Event: 2.229 GC heap after
Heap after GC invocations=32 (full 2):
 par new generation   total 38080K, used 4003K [0x0000000084400000, 0x0000000086d50000, 0x00000000a3730000)
  eden space 33856K,   0% used [0x0000000084400000, 0x0000000084400000, 0x0000000086510000)
  from space 4224K,  94% used [0x0000000086510000, 0x00000000868f8e20, 0x0000000086930000)
  to   space 4224K,   0% used [0x0000000086930000, 0x0000000086930000, 0x0000000086d50000)
 concurrent mark-sweep generation total 84672K, used 47033K [0x00000000a3730000, 0x00000000a89e0000, 0x0000000100000000)
 Metaspace       used 48565K, capacity 50123K, committed 50308K, reserved 1091584K
  class space    used 7683K, capacity 8028K, committed 8080K, reserved 1048576K
}

Deoptimization events (10 events):
Event: 2.083 Thread 0x0000ea8444013000 Uncommon trap: reason=class_check action=maybe_recompile pc=0x0000ea843c8bf208 method=java.util.Hashtable.get(Ljava/lang/Object;)Ljava/lang/Object; @ 6
Event: 2.086 Thread 0x0000ea8444013000 Uncommon trap: reason=unstable_if action=reinterpret pc=0x0000ea843cc3f208 method=com.ctc.wstx.util.SymbolTable.findSymbol([CIII)Ljava/lang/String; @ 37
Event: 2.087 Thread 0x0000ea8444013000 Uncommon trap: reason=unstable_if action=reinterpret pc=0x0000ea843cc51bf8 method=com.ctc.wstx.sr.BasicStreamReader.readIndentation(CI)I @ 132
Event: 2.088 Thread 0x0000ea8444013000 Uncommon trap: reason=unstable_if action=reinterpret pc=0x0000ea843cc5439c method=com.ctc.wstx.io.UTF8Reader.read([CII)I @ 269
Event: 2.088 Thread 0x0000ea8444013000 Uncommon trap: reason=unstable_if action=reinterpret pc=0x0000ea843cc3373c method=com.ctc.wstx.io.UTF8Reader.read([CII)I @ 269
Event: 2.205 Thread 0x0000ea8444013000 Uncommon trap: reason=class_check action=maybe_recompile pc=0x0000ea843c12d6ac method=java.util.RegularEnumSet.add(Ljava/lang/Object;)Z @ 2
Event: 2.234 Thread 0x0000ea8444013000 Uncommon trap: reason=bimorphic action=maybe_recompile pc=0x0000ea843cbfc0a0 method=java.util.regex.Pattern$CharProperty$1.isSatisfiedBy(I)Z @ 5
Event: 2.234 Thread 0x0000ea8444013000 Uncommon trap: reason=bimorphic action=maybe_recompile pc=0x0000ea843cbfc0a0 method=java.util.regex.Pattern$CharProperty$1.isSatisfiedBy(I)Z @ 5
Event: 2.234 Thread 0x0000ea8444013000 Uncommon trap: reason=bimorphic action=maybe_recompile pc=0x0000ea843cbfc0a0 method=java.util.regex.Pattern$CharProperty$1.isSatisfiedBy(I)Z @ 5
Event: 2.234 Thread 0x0000ea8444013000 Uncommon trap: reason=bimorphic action=maybe_recompile pc=0x0000ea843cbfc0a0 method=java.util.regex.Pattern$CharProperty$1.isSatisfiedBy(I)Z @ 5

Classes redefined (0 events):
No events

Internal exceptions (10 events):
Event: 1.533 Thread 0x0000ea8444013000 Implicit null exception at 0x0000ea843c418adc to 0x0000ea843c4191a8
Event: 1.654 Thread 0x0000ea8444013000 Exception <a 'java/lang/NoSuchMethodError': java.lang.Object.lambda$static$0(Lorg/apache/hadoop/hbase/client/ColumnFamilyDescriptor;Lorg/apache/hadoop/hbase/client/ColumnFamilyDescriptor;)I> (0x00000000863bbe70) thrown at [./src/hotspot/src/share/vm/inter
Event: 1.656 Thread 0x0000ea8444013000 Exception <a 'java/lang/NoSuchMethodError': java.lang.Object.lambda$static$1(Lorg/apache/hadoop/hbase/client/ColumnFamilyDescriptor;Lorg/apache/hadoop/hbase/client/ColumnFamilyDescriptor;)I> (0x00000000863c00d8) thrown at [./src/hotspot/src/share/vm/inter
Event: 1.670 Thread 0x0000ea8445d2c000 Implicit null exception at 0x0000ea843c65ac80 to 0x0000ea843c65ad24
Event: 1.671 Thread 0x0000ea8444013000 Exception <a 'java/lang/NoSuchMethodError': java.lang.Object.lambda$getComparator$0(Ljava/util/Comparator;Lorg/apache/hadoop/hbase/client/TableDescriptor;Lorg/apache/hadoop/hbase/client/TableDescriptor;)I> (0x0000000084519548) thrown at [./src/hotspot/src
Event: 1.785 Thread 0x0000ea8445d2c000 Implicit null exception at 0x0000ea843c39d3dc to 0x0000ea843c39d61c
Event: 1.797 Thread 0x0000ea8444013000 Implicit null exception at 0x0000ea843cd79510 to 0x0000ea843cd7b300
Event: 2.147 Thread 0x0000ea8444013000 Exception <a 'java/io/FileNotFoundException'> (0x00000000849d7df0) thrown at [./src/hotspot/src/share/vm/prims/jni.cpp, line 712]
Event: 2.147 Thread 0x0000ea8444013000 Exception <a 'java/security/PrivilegedActionException'> (0x00000000849d8410) thrown at [./src/hotspot/src/share/vm/prims/jvm.cpp, line 1512]
Event: 2.147 Thread 0x0000ea8444013000 Exception <a 'java/lang/reflect/InvocationTargetException'> (0x00000000849da830) thrown at [./src/hotspot/src/share/vm/runtime/reflection.cpp, line 1089]

Events (10 events):
Event: 2.263 loading class org/apache/zookeeper/proto/SetDataResponse done
Event: 2.263 loading class org/apache/zookeeper/proto/SetACLResponse
Event: 2.263 loading class org/apache/zookeeper/proto/SetACLResponse done
Event: 2.263 loading class org/apache/hadoop/hbase/zookeeper/ReadOnlyZKClient$ZKTask$1
Event: 2.263 loading class org/apache/hadoop/hbase/zookeeper/ReadOnlyZKClient$ZKTask$1 done
Event: 2.264 loading class org/apache/hadoop/hbase/zookeeper/ZKMetadata
Event: 2.264 loading class org/apache/hadoop/hbase/zookeeper/ZKMetadata done
Event: 2.264 loading class org/apache/hadoop/hbase/shaded/protobuf/ProtobufUtil
Event: 2.264 loading class org/apache/hadoop/hbase/shaded/protobuf/ProtobufUtil done
Event: 2.264 Executing VM operation: CMS_Final_Remark


Dynamic libraries:
84400000-86d50000 rw-p 00000000 00:00 0 
86d50000-a3730000 ---p 00000000 00:00 0 
a3730000-a89e0000 rw-p 00000000 00:00 0 
a89e0000-100000000 ---p 00000000 00:00 0 
100000000-100817000 rw-p 00000000 00:00 0 
100817000-140000000 ---p 00000000 00:00 0 
c3968e010000-c3968e011000 r-xp 00000000 08:02 2532485                    /usr/lib/jvm/java-8-openjdk-arm64/jre/bin/java
c3968e02f000-c3968e030000 r--p 0000f000 08:02 2532485                    /usr/lib/jvm/java-8-openjdk-arm64/jre/bin/java
c3968e030000-c3968e031000 rw-p 00010000 08:02 2532485                    /usr/lib/jvm/java-8-openjdk-arm64/jre/bin/java
c396bd2ba000-c396be145000 rw-p 00000000 00:00 0                          [heap]
ea842a600000-ea842a603000 ---p 00000000 00:00 0 
ea842a603000-ea842a800000 rw-p 00000000 00:00 0 
ea842a800000-ea842a803000 ---p 00000000 00:00 0 
ea842a803000-ea842aa00000 rw-p 00000000 00:00 0 
ea842aa00000-ea842aa9e000 rw-p 00000000 00:00 0 
ea842aa9e000-ea842ac00000 ---p 00000000 00:00 0 
ea842ac00000-ea842ac03000 ---p 00000000 00:00 0 
ea842ac03000-ea842ae00000 rw-p 00000000 00:00 0 
ea842ae00000-ea842ae03000 ---p 00000000 00:00 0 
ea842ae03000-ea842b000000 rw-p 00000000 00:00 0 
ea842b000000-ea842b1d8000 rw-p 00000000 00:00 0 
ea842b1d8000-ea842b3d9000 rw-p 00000000 00:00 0 
ea842b3d9000-ea842b600000 rw-p 00000000 00:00 0 
ea842b600000-ea842b603000 ---p 00000000 00:00 0 
ea842b603000-ea842b800000 rw-p 00000000 00:00 0 
ea842b800000-ea842b9c0000 rw-p 00000000 00:00 0 
ea842b9c0000-ea842bbc0000 rw-p 00000000 00:00 0 
ea842bbc0000-ea842be00000 rw-p 00000000 00:00 0 
ea842be00000-ea842be03000 ---p 00000000 00:00 0 
ea842be03000-ea842c000000 rw-p 00000000 00:00 0 
ea842c000000-ea842c1c0000 rw-p 00000000 00:00 0 
ea842c1c0000-ea842c3c0000 rw-p 00000000 00:00 0 
ea842c3c0000-ea842c5c0000 rw-p 00000000 00:00 0 
ea842c5c0000-ea842c7d3000 rw-p 00000000 00:00 0 
ea842c7d3000-ea842c9ff000 rw-p 00000000 00:00 0 
ea842c9ff000-ea842ca00000 ---p 00000000 00:00 0 
ea842cbc7000-ea842cbca000 ---p 00000000 00:00 0 
ea842cbca000-ea842cc00000 rw-p 00000000 00:00 0 
ea842cc00000-ea842cdf9000 rw-p 00000000 00:00 0 
ea842cdf9000-ea842ce00000 ---p 00000000 00:00 0 
ea842ce00000-ea842cfc0000 rw-p 00000000 00:00 0 
ea842cfc0000-ea842d1c0000 rw-p 00000000 00:00 0 
ea842d1c0000-ea842d3c0000 rw-p 00000000 00:00 0 
ea842d3c0000-ea842d5c0000 rw-p 00000000 00:00 0 
ea842d5c0000-ea842d800000 rw-p 00000000 00:00 0 
ea842d830000-ea842d833000 r-xp 00000000 08:02 2273343                    /usr/lib/aarch64-linux-gnu/libnss_mdns4_minimal.so.2
ea842d833000-ea842d84f000 ---p 00003000 08:02 2273343                    /usr/lib/aarch64-linux-gnu/libnss_mdns4_minimal.so.2
ea842d84f000-ea842d850000 r--p 0000f000 08:02 2273343                    /usr/lib/aarch64-linux-gnu/libnss_mdns4_minimal.so.2
ea842d850000-ea842d851000 rw-p 00010000 08:02 2273343                    /usr/lib/aarch64-linux-gnu/libnss_mdns4_minimal.so.2
ea842d870000-ea842d87a000 r-xp 00000000 08:02 2532521                    /usr/lib/jvm/java-8-openjdk-arm64/jre/lib/aarch64/libmanagement.so
ea842d87a000-ea842d88f000 ---p 0000a000 08:02 2532521                    /usr/lib/jvm/java-8-openjdk-arm64/jre/lib/aarch64/libmanagement.so
ea842d88f000-ea842d890000 r--p 0000f000 08:02 2532521                    /usr/lib/jvm/java-8-openjdk-arm64/jre/lib/aarch64/libmanagement.so
ea842d890000-ea842d891000 rw-p 00010000 08:02 2532521                    /usr/lib/jvm/java-8-openjdk-arm64/jre/lib/aarch64/libmanagement.so
ea842d8a0000-ea842d8cd000 r-xp 00000000 08:02 2229697                    /usr/lib/aarch64-linux-gnu/libcrypt.so.1.1.0
ea842d8cd000-ea842d8df000 ---p 0002d000 08:02 2229697                    /usr/lib/aarch64-linux-gnu/libcrypt.so.1.1.0
ea842d8df000-ea842d8e0000 r--p 0002f000 08:02 2229697                    /usr/lib/aarch64-linux-gnu/libcrypt.so.1.1.0
ea842d8e0000-ea842d8e1000 rw-p 00030000 08:02 2229697                    /usr/lib/aarch64-linux-gnu/libcrypt.so.1.1.0
ea842d8e1000-ea842d8e9000 rw-p 00000000 00:00 0 
ea842d8ed000-ea842d8ef000 r--s 00008000 08:02 3407948                    /tmp/jruby-23295/jruby213138309702233091generator.jar
ea842d8ef000-ea842d8f1000 r--s 00006000 08:02 3407947                    /tmp/jruby-23295/jruby1572431388641897214parser.jar
ea842d8f1000-ea842d8f3000 r--s 0000a000 08:02 3407946                    /tmp/jruby-23295/jruby1414467479560645071readline.jar
ea842d8f3000-ea842d8f7000 r--s 0003e000 08:02 3407945                    /tmp/jruby-23295/jruby2617409481134864009jline-2.14.6.jar
ea842d8f7000-ea842d909000 r--s 0034c000 08:02 2532576                    /usr/lib/jvm/java-8-openjdk-arm64/jre/lib/resources.jar
ea842d909000-ea842d910000 r--s 00000000 08:02 2266755                    /usr/lib/aarch64-linux-gnu/gconv/gconv-modules.cache
ea842d910000-ea842d920000 r-xp 00000000 08:02 3407943                    /tmp/jffi131956806783782842.so (deleted)
ea842d920000-ea842d921000 r--p 00010000 08:02 3407943                    /tmp/jffi131956806783782842.so (deleted)
ea842d921000-ea842d922000 rw-p 00011000 08:02 3407943                    /tmp/jffi131956806783782842.so (deleted)
ea842d922000-ea842d924000 r--s 00016000 08:02 2532565                    /usr/lib/jvm/java-8-openjdk-arm64/jre/lib/jce.jar
ea842d924000-ea842d935000 r--s 001c5000 08:02 2532571                    /usr/lib/jvm/java-8-openjdk-arm64/jre/lib/jsse.jar
ea842d935000-ea842d937000 r--s 00009000 08:02 3040276                    /usr/local/hbase-2.5.12/lib/client-facing-thirdparty/slf4j-api-1.7.33.jar
ea842d937000-ea842d93a000 r--s 00010000 08:02 3040275                    /usr/local/hbase-2.5.12/lib/client-facing-thirdparty/opentelemetry-semconv-1.29.0-alpha.jar
ea842d93a000-ea842d93d000 r--s 0000a000 08:02 3040278                    /usr/local/hbase-2.5.12/lib/client-facing-thirdparty/opentelemetry-context-1.49.0.jar
ea842d93d000-ea842d942000 r--s 00022000 08:02 3040277                    /usr/local/hbase-2.5.12/lib/client-facing-thirdparty/opentelemetry-api-1.49.0.jar
ea842d942000-ea842d944000 r--s 00000000 08:02 3040282                    /usr/local/hbase-2.5.12/lib/client-facing-thirdparty/jul-to-slf4j-1.7.33.jar
ea842d944000-ea842d946000 r--s 00003000 08:02 3040281                    /usr/local/hbase-2.5.12/lib/client-facing-thirdparty/jcl-over-slf4j-1.7.33.jar
ea842d946000-ea842d960000 r--s 00155000 08:02 3040279                    /usr/local/hbase-2.5.12/lib/client-facing-thirdparty/htrace-core4-4.1.0-incubating.jar
ea842d960000-ea842d962000 r--s 0000e000 08:02 3040280                    /usr/local/hbase-2.5.12/lib/client-facing-thirdparty/commons-logging-1.2.jar
ea842d962000-ea842d964000 r--s 00004000 08:02 3040287                    /usr/local/hbase-2.5.12/lib/client-facing-thirdparty/audience-annotations-0.13.0.jar
ea842d964000-ea842d967000 r--s 0071c000 08:02 3040175                    /usr/local/hbase-2.5.12/lib/zstd-jni-1.5.7-2.jar
ea842d967000-ea842d96b000 r--s 0003b000 08:02 3040069                    /usr/local/hbase-2.5.12/lib/zookeeper-jute-3.8.4.jar
ea842d96b000-ea842d97f000 r--s 00130000 08:02 3040068                    /usr/local/hbase-2.5.12/lib/zookeeper-3.8.4.jar
ea842d97f000-ea842d983000 r--s 00019000 08:02 3040173                    /usr/local/hbase-2.5.12/lib/xz-1.9.jar
ea842d983000-ea842d984000 r--s 00003000 08:02 3040039                    /usr/local/hbase-2.5.12/lib/xmlenc-0.52.jar
ea842d984000-ea842d9a4000 r--s 00164000 08:02 3040180                    /usr/local/hbase-2.5.12/lib/woodstox-core-6.5.1.jar
ea842d9a4000-ea842d9aa000 r--s 0007a000 08:02 3040189                    /usr/local/hbase-2.5.12/lib/woodstox-core-5.3.0.jar
ea842d9aa000-ea842d9ad000 r--s 00029000 08:02 3040061                    /usr/local/hbase-2.5.12/lib/tomcat-jasper-el-9.0.104.jar
ea842d9ad000-ea842d9b5000 r--s 00082000 08:02 3040059                    /usr/local/hbase-2.5.12/lib/tomcat-jasper-9.0.104.jar
ea842d9b5000-ea842d9b7000 r--s 00014000 08:02 3040060                    /usr/local/hbase-2.5.12/lib/tomcat-el-api-9.0.104.jar
ea842d9b7000-ea842d9b8000 r--s 00004000 08:02 3040263                    /usr/local/hbase-2.5.12/lib/token-provider-1.0.1.jar
ea842d9b8000-ea842d9bc000 r--s 0002c000 08:02 3040181                    /usr/local/hbase-2.5.12/lib/stax2-api-4.2.2.jar
ea842d9bc000-ea842d9c0000 r--s 0002c000 08:02 3040188                    /usr/local/hbase-2.5.12/lib/stax2-api-4.2.1.jar
ea842d9c0000-ea842d9c7000 r--s 0006d000 08:02 3040137                    /usr/local/hbase-2.5.12/lib/spymemcached-2.12.3.jar
ea842d9c7000-ea842d9ca000 r--s 00201000 08:02 3040160                    /usr/local/hbase-2.5.12/lib/snappy-java-1.1.10.4.jar
ea842d9ca000-ea842d9cb000 r--s 00000000 08:02 3040167                    /usr/local/hbase-2.5.12/lib/service-1.11.0.jar
ea842d9cb000-ea842d9d3000 r--s 0007b000 08:02 3040065                    /usr/local/hbase-2.5.12/lib/protobuf-java-2.5.0.jar
ea842d9d3000-ea842d9d6000 r--s 00010000 08:02 3040021                    /usr/local/hbase-2.5.12/lib/opentelemetry-semconv-1.29.0-alpha.jar
ea842d9d6000-ea842d9d9000 r--s 0000a000 08:02 3040028                    /usr/local/hbase-2.5.12/lib/opentelemetry-context-1.49.0.jar
ea842d9d9000-ea842d9de000 r--s 00022000 08:02 3040027                    /usr/local/hbase-2.5.12/lib/opentelemetry-api-1.49.0.jar
ea842d9de000-ea842d9e0000 r--s 0000f000 08:02 3040095                    /usr/local/hbase-2.5.12/lib/okio-1.6.0.jar
ea842d9e0000-ea842d9e5000 r--s 0004c000 08:02 3040094                    /usr/local/hbase-2.5.12/lib/okhttp-2.7.5.jar
ea842d9e5000-ea842d9e8000 r--s 0000a000 08:02 3040186                    /usr/local/hbase-2.5.12/lib/objenesis-3.3.jar
ea842d9e8000-ea842d9ee000 r--s 0004d000 08:02 3040085                    /usr/local/hbase-2.5.12/lib/nimbus-jose-jwt-7.9.jar
ea842d9ee000-ea842d9ef000 r--s 00007000 08:02 3040114                    /usr/local/hbase-2.5.12/lib/netty-transport-udt-4.1.121.Final.jar
ea842d9ef000-ea842d9f1000 r--s 0000b000 08:02 3040113                    /usr/local/hbase-2.5.12/lib/netty-transport-sctp-4.1.121.Final.jar
ea842d9f1000-ea842d9f3000 r--s 00003000 08:02 3040112                    /usr/local/hbase-2.5.12/lib/netty-transport-rxtx-4.1.121.Final.jar
ea842d9f3000-ea842d9f5000 r--s 00009000 08:02 3040075                    /usr/local/hbase-2.5.12/lib/netty-transport-native-unix-common-4.1.121.Final.jar
ea842d9f5000-ea842d9f7000 r--s 00005000 08:02 3040120                    /usr/local/hbase-2.5.12/lib/netty-transport-native-kqueue-4.1.121.Final-osx-x86_64.jar
ea842d9f7000-ea842d9f8000 r--s 00006000 08:02 3040121                    /usr/local/hbase-2.5.12/lib/netty-transport-native-kqueue-4.1.121.Final-osx-aarch_64.jar
ea842d9f8000-ea842d9f9000 r--s 00009000 08:02 3040117                    /usr/local/hbase-2.5.12/lib/netty-transport-native-epoll-4.1.121.Final-linux-x86_64.jar
ea842d9f9000-ea842d9fa000 r--s 00008000 08:02 3040119                    /usr/local/hbase-2.5.12/lib/netty-transport-native-epoll-4.1.121.Final-linux-riscv64.jar
ea842d9fa000-ea842d9fb000 r--s 0000a000 08:02 3040118                    /usr/local/hbase-2.5.12/lib/netty-transport-native-epoll-4.1.121.Final-linux-aarch_64.jar
ea842d9fb000-ea842d9fc000 r--s 00001000 08:02 3040077                    /usr/local/hbase-2.5.12/lib/netty-transport-native-epoll-4.1.121.Final.jar
ea842d9fc000-ea842d9ff000 r--s 00018000 08:02 3040115                    /usr/local/hbase-2.5.12/lib/netty-transport-classes-kqueue-4.1.121.Final.jar
ea842d9ff000-ea842da03000 r--s 00021000 08:02 3040078                    /usr/local/hbase-2.5.12/lib/netty-transport-classes-epoll-4.1.121.Final.jar
ea842da03000-ea842da0e000 r--s 00075000 08:02 3040074                    /usr/local/hbase-2.5.12/lib/netty-transport-4.1.121.Final.jar
ea842da0e000-ea842da0f000 r--s 00004000 08:02 3040122                    /usr/local/hbase-2.5.12/lib/netty-resolver-dns-native-macos-4.1.121.Final-osx-x86_64.jar
ea842da0f000-ea842da10000 r--s 00004000 08:02 3040123                    /usr/local/hbase-2.5.12/lib/netty-resolver-dns-native-macos-4.1.121.Final-osx-aarch_64.jar
ea842da10000-ea842da12000 r--s 00001000 08:02 3040116                    /usr/local/hbase-2.5.12/lib/netty-resolver-dns-classes-macos-4.1.121.Final.jar
ea842da12000-ea842da16000 r--s 0002a000 08:02 3040111                    /usr/local/hbase-2.5.12/lib/netty-resolver-dns-4.1.121.Final.jar
ea842da16000-ea842da18000 r--s 00008000 08:02 3040072                    /usr/local/hbase-2.5.12/lib/netty-resolver-4.1.121.Final.jar
ea842da18000-ea842da1a000 r--s 00005000 08:02 3040110                    /usr/local/hbase-2.5.12/lib/netty-handler-ssl-ocsp-4.1.121.Final.jar
ea842da1a000-ea842da1c000 r--s 00005000 08:02 3040109                    /usr/local/hbase-2.5.12/lib/netty-handler-proxy-4.1.121.Final.jar
ea842da1c000-ea842da26000 r--s 00084000 08:02 3040070                    /usr/local/hbase-2.5.12/lib/netty-handler-4.1.121.Final.jar
ea842da26000-ea842da35000 r--s 000a1000 08:02 3040071                    /usr/local/hbase-2.5.12/lib/netty-common-4.1.121.Final.jar
ea842da35000-ea842da36000 r--s 00004000 08:02 3040108                    /usr/local/hbase-2.5.12/lib/netty-codec-xml-4.1.121.Final.jar
ea842da36000-ea842da38000 r--s 00007000 08:02 3040107                    /usr/local/hbase-2.5.12/lib/netty-codec-stomp-4.1.121.Final.jar
ea842da38000-ea842da3c000 r--s 0001a000 08:02 3040106                    /usr/local/hbase-2.5.12/lib/netty-codec-socks-4.1.121.Final.jar
ea842da3c000-ea842da3e000 r--s 00004000 08:02 3040105                    /usr/local/hbase-2.5.12/lib/netty-codec-smtp-4.1.121.Final.jar
ea842da3e000-ea842da41000 r--s 00009000 08:02 3040104                    /usr/local/hbase-2.5.12/lib/netty-codec-redis-4.1.121.Final.jar
ea842da41000-ea842da44000 r--s 00019000 08:02 3040103                    /usr/local/hbase-2.5.12/lib/netty-codec-mqtt-4.1.121.Final.jar
ea842da44000-ea842da46000 r--s 00009000 08:02 3040102                    /usr/local/hbase-2.5.12/lib/netty-codec-memcache-4.1.121.Final.jar
ea842da46000-ea842da53000 r--s 00099000 08:02 3040100                    /usr/local/hbase-2.5.12/lib/netty-codec-http-4.1.121.Final.jar
ea842da53000-ea842da5c000 r--s 00070000 08:02 3040101                    /usr/local/hbase-2.5.12/lib/netty-codec-http2-4.1.121.Final.jar
ea842da5c000-ea842da5e000 r--s 00008000 08:02 3040099                    /usr/local/hbase-2.5.12/lib/netty-codec-haproxy-4.1.121.Final.jar
ea842da5e000-ea842da61000 r--s 0000e000 08:02 3040098                    /usr/local/hbase-2.5.12/lib/netty-codec-dns-4.1.121.Final.jar
ea842da61000-ea842da68000 r--s 00050000 08:02 3040076                    /usr/local/hbase-2.5.12/lib/netty-codec-4.1.121.Final.jar
ea842da68000-ea842da6d000 r--s 0004e000 08:02 3040073                    /usr/local/hbase-2.5.12/lib/netty-buffer-4.1.121.Final.jar
ea842da6d000-ea842da6f000 r--s 00000000 08:02 3040097                    /usr/local/hbase-2.5.12/lib/netty-all-4.1.121.Final.jar
ea842da6f000-ea842da88000 r--s 00123000 08:02 3040036                    /usr/local/hbase-2.5.12/lib/netty-3.10.6.Final.jar
ea842da88000-ea842da89000 r--s 00069000 08:02 3040168                    /usr/local/hbase-2.5.12/lib/native-linux-aarch64-1.11.0.jar
ea842da89000-ea842da92000 r--s 000b9000 08:02 3040146                    /usr/local/hbase-2.5.12/lib/mssql-jdbc-6.2.1.jre7.jar
ea842da92000-ea842daa4000 r--s 00096000 08:02 3040183                    /usr/local/hbase-2.5.12/lib/mockito-core-4.11.0.jar
ea842daa4000-ea842dab1000 r--s 00091000 08:02 3040216                    /usr/local/hbase-2.5.12/lib/mina-core-2.0.7.jar
ea842dab1000-ea842dab5000 r--s 0001e000 08:02 3040024                    /usr/local/hbase-2.5.12/lib/metrics-core-3.2.6.jar
ea842dab5000-ea842dab9000 r--s 00021000 08:02 3040241                    /usr/local/hbase-2.5.12/lib/mavibot-1.0.0-M1.jar
ea842dab9000-ea842dabc000 r--s 000a4000 08:02 3040170                    /usr/local/hbase-2.5.12/lib/lz4-java-1.8.0.jar
ea842dabc000-ea842dac3000 r--s 00044000 08:02 3040128                    /usr/local/hbase-2.5.12/lib/libthrift-0.14.1.jar
ea842dac3000-ea842dac6000 r--s 000fd000 08:02 3040124                    /usr/local/hbase-2.5.12/lib/leveldbjni-all-1.8.jar
ea842dac6000-ea842dac8000 r--s 00006000 08:02 3040267                    /usr/local/hbase-2.5.12/lib/kerby-xdr-1.0.1.jar
ea842dac8000-ea842dac9000 r--s 00009000 08:02 3040259                    /usr/local/hbase-2.5.12/lib/kerby-util-1.0.1.jar
ea842dac9000-ea842dad0000 r--s 0002b000 08:02 3040257                    /usr/local/hbase-2.5.12/lib/kerby-pkix-1.0.1.jar
ea842dad0000-ea842dad2000 r--s 00006000 08:02 3040255                    /usr/local/hbase-2.5.12/lib/kerby-config-1.0.1.jar
ea842dad2000-ea842dad4000 r--s 00017000 08:02 3040258                    /usr/local/hbase-2.5.12/lib/kerby-asn1-1.0.1.jar
ea842dad4000-ea842dad5000 r--s 00008000 08:02 3040262                    /usr/local/hbase-2.5.12/lib/kerb-util-1.0.1.jar
ea842dad5000-ea842dad6000 r--s 00004000 08:02 3040253                    /usr/local/hbase-2.5.12/lib/kerb-simplekdc-1.0.1.jar
ea842dad6000-ea842dad9000 r--s 00012000 08:02 3040265                    /usr/local/hbase-2.5.12/lib/kerb-server-1.0.1.jar
ea842dad9000-ea842dada000 r--s 00004000 08:02 3040266                    /usr/local/hbase-2.5.12/lib/kerb-identity-1.0.1.jar
ea842dada000-ea842dade000 r--s 00019000 08:02 3040261                    /usr/local/hbase-2.5.12/lib/kerb-crypto-1.0.1.jar
ea842dade000-ea842dae5000 r--s 00031000 08:02 3040256                    /usr/local/hbase-2.5.12/lib/kerb-core-1.0.1.jar
ea842dae5000-ea842dae7000 r--s 0000e000 08:02 3040260                    /usr/local/hbase-2.5.12/lib/kerb-common-1.0.1.jar
ea842dae7000-ea842daea000 r--s 00019000 08:02 3040254                    /usr/local/hbase-2.5.12/lib/kerb-client-1.0.1.jar
ea842daea000-ea842daed000 r--s 00011000 08:02 3040264                    /usr/local/hbase-2.5.12/lib/kerb-admin-1.0.1.jar
ea842daed000-ea842daf6000 r--s 00055000 08:02 3040182                    /usr/local/hbase-2.5.12/lib/junit-4.13.2.jar
ea842daf6000-ea842daf8000 r--s 0000a000 08:02 3040206                    /usr/local/hbase-2.5.12/lib/jsr311-api-1.1.1.jar
ea842daf8000-ea842dafa000 r--s 00011000 08:02 3040201                    /usr/local/hbase-2.5.12/lib/json-io-2.5.1.jar
ea842dafa000-ea842dafe000 r--s 00041000 08:02 3040053                    /usr/local/hbase-2.5.12/lib/jsch-0.1.55.jar
ea842dafe000-ea842db01000 r--s 00032000 08:02 3040018                    /usr/local/hbase-2.5.12/lib/joni-2.1.31.jar
ea842db01000-ea842db05000 r--s 00028000 08:02 3040043                    /usr/local/hbase-2.5.12/lib/jetty-util-6.1.26.jar
ea842db05000-ea842db06000 r--s 00004000 08:02 3040044                    /usr/local/hbase-2.5.12/lib/jetty-sslengine-6.1.26.jar
ea842db06000-ea842db0d000 r--s 0007d000 08:02 3040042                    /usr/local/hbase-2.5.12/lib/jetty-6.1.26.jar
ea842db0d000-ea842db10000 r--s 00014000 08:02 3040136                    /usr/local/hbase-2.5.12/lib/jettison-1.5.4.jar
ea842db10000-ea842db19000 r--s 0007b000 08:02 3040046                    /usr/local/hbase-2.5.12/lib/jets3t-0.9.0.jar
ea842db19000-ea842db29000 r--s 00192000 08:02 3040017                    /usr/local/hbase-2.5.12/lib/jcodings-1.0.55.jar
ea842db29000-ea842db2b000 r--s 00000000 08:02 3040086                    /usr/local/hbase-2.5.12/lib/jcip-annotations-1.0-1.jar
ea842db2b000-ea842db42000 r--s 000fa000 08:02 3040176                    /usr/local/hbase-2.5.12/lib/jaxb-impl-2.3.9.jar
ea842db42000-ea842db55000 r--s 000c7000 08:02 3040187                    /usr/local/hbase-2.5.12/lib/jaxb-impl-2.2.3-1.jar
ea842db55000-ea842db59000 r--s 0001c000 08:02 3040130                    /usr/local/hbase-2.5.12/lib/jaxb-api-2.3.1.jar
ea842db59000-ea842db5b000 r--s 0000b000 08:02 3040062                    /usr/local/hbase-2.5.12/lib/javax.servlet.jsp-api-2.3.1.jar
ea842db5b000-ea842db5e000 r--s 00015000 08:02 3040080                    /usr/local/hbase-2.5.12/lib/javax.servlet-api-3.1.0.jar
ea842db5e000-ea842db5f000 r--s 00004000 08:02 3040048                    /usr/local/hbase-2.5.12/lib/java-xmlbuilder-0.4.jar
ea842db5f000-ea842db61000 r--s 00005000 08:02 3040129                    /usr/local/hbase-2.5.12/lib/javax.annotation-api-1.2.jar
ea842db61000-ea842db63000 r--s 0000c000 08:02 3040190                    /usr/local/hbase-2.5.12/lib/javax.activation-api-1.2.0.jar
ea842db63000-ea842db65000 r--s 0000d000 08:02 3040200                    /usr/local/hbase-2.5.12/lib/java-util-1.9.0.jar
ea842db65000-ea842db70000 r--s 000b8000 08:02 3040155                    /usr/local/hbase-2.5.12/lib/javassist-3.30.2-GA.jar
ea842db70000-ea842db71000 r--s 00005000 08:02 3040079                    /usr/local/hbase-2.5.12/lib/jamon-runtime-2.4.1.jar
ea842db71000-ea842db76000 r--s 00012000 08:02 3040153                    /usr/local/hbase-2.5.12/lib/jakarta.validation-api-2.0.2.jar
ea842db76000-ea842db7f000 r--s 0009d000 08:02 3040179                    /usr/local/hbase-2.5.12/lib/jakarta.mail-1.6.7.jar
ea842db7f000-ea842db80000 r--s 00004000 08:02 3040154                    /usr/local/hbase-2.5.12/lib/jakarta.inject-2.6.1.jar
ea842db80000-ea842db82000 r--s 0000f000 08:02 3040178                    /usr/local/hbase-2.5.12/lib/jakarta.activation-1.2.2.jar
ea842db82000-ea842db84000 r--s 00008000 08:02 3040135                    /usr/local/hbase-2.5.12/lib/jackson-module-jaxb-annotations-2.19.0.jar
ea842db84000-ea842db92000 r--s 000b1000 08:02 3040205                    /usr/local/hbase-2.5.12/lib/jackson-mapper-asl-1.9.13.jar
ea842db92000-ea842dbac000 r--s 00180000 08:02 3040133                    /usr/local/hbase-2.5.12/lib/jackson-databind-2.19.0.jar
ea842dbac000-ea842dbb0000 r--s 00035000 08:02 3040156                    /usr/local/hbase-2.5.12/lib/jackson-core-asl-1.9.13.jar
ea842dbb0000-ea842dbb8000 r--s 0008b000 08:02 3040132                    /usr/local/hbase-2.5.12/lib/jackson-core-2.19.0.jar
ea842dbb8000-ea842dbbc000 r--s 00010000 08:02 3040131                    /usr/local/hbase-2.5.12/lib/jackson-annotations-2.19.0.jar
ea842dbbc000-ea842dbc4000 r--s 00049000 08:02 3040150                    /usr/local/hbase-2.5.12/lib/httpcore-4.4.13.jar
ea842dbc4000-ea842dbd1000 r--s 000b2000 08:02 3040149                    /usr/local/hbase-2.5.12/lib/httpclient-4.5.13.jar
ea842dbd1000-ea842dbd4000 r--s 0001e000 08:02 3040145                    /usr/local/hbase-2.5.12/lib/HikariCP-java7-2.4.12.jar
ea842dbd4000-ea842dbd6000 r--s 00011000 08:02 3039989                    /usr/local/hbase-2.5.12/lib/hbase-zookeeper-2.5.12-tests.jar
ea842dbd6000-ea842dbd8000 r--s 0001b000 08:02 3040001                    /usr/local/hbase-2.5.12/lib/hbase-zookeeper-2.5.12.jar
ea842dbd8000-ea842dbd9000 r--s 00004000 08:02 3040020                    /usr/local/hbase-2.5.12/lib/hbase-unsafe-4.1.11.jar
ea842dbd9000-ea842dc1c000 r--s 0036c000 08:02 3040009                    /usr/local/hbase-2.5.12/lib/hbase-thrift-2.5.12.jar
ea842dc1c000-ea842dc1d000 r--s 00006000 08:02 3040008                    /usr/local/hbase-2.5.12/lib/hbase-testing-util-2.5.12.jar
ea842dc1d000-ea842dc22000 r--s 00036000 08:02 3040011                    /usr/local/hbase-2.5.12/lib/hbase-shell-2.5.12.jar
ea842dc22000-ea842dc3b000 r--s 001b7000 08:02 3040056                    /usr/local/hbase-2.5.12/lib/hbase-shaded-protobuf-4.1.11.jar
ea842dc3b000-ea842dca7000 r--s 00494000 08:02 3040057                    /usr/local/hbase-2.5.12/lib/hbase-shaded-netty-4.1.11.jar
ea842dca7000-ea842dcfd000 r--s 0039b000 08:02 3040022                    /usr/local/hbase-2.5.12/lib/hbase-shaded-miscellaneous-4.1.11.jar
ea842dcfd000-ea842dd24000 r--s 00215000 08:02 3040151                    /usr/local/hbase-2.5.12/lib/hbase-shaded-jetty-4.1.11.jar
ea842dd24000-ea842dd7c000 r--s 00308000 08:02 3040152                    /usr/local/hbase-2.5.12/lib/hbase-shaded-jersey-4.1.11.jar
ea842dd7c000-ea842dd7f000 r--s 0000b000 08:02 3040134                    /usr/local/hbase-2.5.12/lib/hbase-shaded-jackson-jaxrs-json-provider-4.1.11.jar
ea842dd7f000-ea842dd87000 r--s 00044000 08:02 3040019                    /usr/local/hbase-2.5.12/lib/hbase-shaded-gson-4.1.11.jar
ea842dd87000-ea842ddea000 r--s 009fe000 08:02 3039982                    /usr/local/hbase-2.5.12/lib/hbase-server-2.5.12-tests.jar
ea842ddea000-ea842de2e000 r--s 004f7000 08:02 3040006                    /usr/local/hbase-2.5.12/lib/hbase-server-2.5.12.jar
ea842de2e000-ea842de31000 r--s 00024000 08:02 3039986                    /usr/local/hbase-2.5.12/lib/hbase-rsgroup-2.5.12-tests.jar
ea842de31000-ea842de37000 r--s 0005a000 08:02 3040010                    /usr/local/hbase-2.5.12/lib/hbase-rsgroup-2.5.12.jar
ea842de37000-ea842de3e000 r--s 0006f000 08:02 3040014                    /usr/local/hbase-2.5.12/lib/hbase-rest-2.5.12.jar
ea842de3e000-ea842de40000 r--s 0000e000 08:02 3040148                    /usr/local/hbase-2.5.12/lib/hbase-resource-bundle-2.5.12.jar
ea842de40000-ea842de42000 r--s 00009000 08:02 3040002                    /usr/local/hbase-2.5.12/lib/hbase-replication-2.5.12.jar
ea842de42000-ea842de9c000 r--s 00608000 08:02 3039993                    /usr/local/hbase-2.5.12/lib/hbase-protocol-shaded-2.5.12.jar
ea842de9c000-ea842dec6000 r--s 002f9000 08:02 3039999                    /usr/local/hbase-2.5.12/lib/hbase-protocol-2.5.12.jar
ea842dec6000-ea842decc000 r--s 00034000 08:02 3039990                    /usr/local/hbase-2.5.12/lib/hbase-procedure-2.5.12-tests.jar
ea842decc000-ea842ded0000 r--s 00030000 08:02 3040005                    /usr/local/hbase-2.5.12/lib/hbase-procedure-2.5.12.jar
ea842ded0000-ea842ded2000 r--s 00004000 08:02 3039995                    /usr/local/hbase-2.5.12/lib/hbase-metrics-api-2.5.12.jar
ea842ded2000-ea842ded4000 r--s 00006000 08:02 3039997                    /usr/local/hbase-2.5.12/lib/hbase-metrics-2.5.12.jar
ea842ded4000-ea842dedc000 r--s 0008a000 08:02 3039987                    /usr/local/hbase-2.5.12/lib/hbase-mapreduce-2.5.12-tests.jar
ea842dedc000-ea842dee3000 r--s 00066000 08:02 3040007                    /usr/local/hbase-2.5.12/lib/hbase-mapreduce-2.5.12.jar
ea842dee3000-ea842dee4000 r--s 00003000 08:02 3039992                    /usr/local/hbase-2.5.12/lib/hbase-logging-2.5.12.jar
ea842dee4000-ea842deee000 r--s 002dc000 08:02 3039983                    /usr/local/hbase-2.5.12/lib/hbase-it-2.5.12-tests.jar
ea842deee000-ea842deef000 r--s 00008000 08:02 3040013                    /usr/local/hbase-2.5.12/lib/hbase-it-2.5.12.jar
ea842deef000-ea842def2000 r--s 0001c000 08:02 3040003                    /usr/local/hbase-2.5.12/lib/hbase-http-2.5.12.jar
ea842def2000-ea842def5000 r--s 00021000 08:02 3040162                    /usr/local/hbase-2.5.12/lib/hbase-hbtop-2.5.12.jar
ea842def5000-ea842def7000 r--s 00005000 08:02 3040192                    /usr/local/hbase-2.5.12/lib/hbase-hadoop-compat-2.5.12-tests.jar
ea842def7000-ea842defa000 r--s 0000f000 08:02 3039996                    /usr/local/hbase-2.5.12/lib/hbase-hadoop-compat-2.5.12.jar
ea842defa000-ea842defc000 r--s 00009000 08:02 3040193                    /usr/local/hbase-2.5.12/lib/hbase-hadoop2-compat-2.5.12-tests.jar
ea842defc000-ea842df00000 r--s 00026000 08:02 3039998                    /usr/local/hbase-2.5.12/lib/hbase-hadoop2-compat-2.5.12.jar
ea842df00000-ea842df01000 r--s 00005000 08:02 3040016                    /usr/local/hbase-2.5.12/lib/hbase-external-blockcache-2.5.12.jar
ea842df01000-ea842df06000 r--s 0002a000 08:02 3040015                    /usr/local/hbase-2.5.12/lib/hbase-examples-2.5.12.jar
ea842df06000-ea842df10000 r--s 0006a000 08:02 3040012                    /usr/local/hbase-2.5.12/lib/hbase-endpoint-2.5.12.jar
ea842df10000-ea842df11000 r--s 00006000 08:02 3040174                    /usr/local/hbase-2.5.12/lib/hbase-compression-zstd-2.5.12.jar
ea842df11000-ea842df13000 r--s 00004000 08:02 3040172                    /usr/local/hbase-2.5.12/lib/hbase-compression-xz-2.5.12.jar
ea842df13000-ea842df14000 r--s 00004000 08:02 3040171                    /usr/local/hbase-2.5.12/lib/hbase-compression-snappy-2.5.12.jar
ea842df14000-ea842df15000 r--s 00004000 08:02 3040169                    /usr/local/hbase-2.5.12/lib/hbase-compression-lz4-2.5.12.jar
ea842df15000-ea842df16000 r--s 00004000 08:02 3040165                    /usr/local/hbase-2.5.12/lib/hbase-compression-brotli-2.5.12.jar
ea842df16000-ea842df17000 r--s 00007000 08:02 3040163                    /usr/local/hbase-2.5.12/lib/hbase-compression-aircompressor-2.5.12.jar
ea842df17000-ea842df1e000 r--s 00059000 08:02 3039985                    /usr/local/hbase-2.5.12/lib/hbase-common-2.5.12-tests.jar
ea842df1e000-ea842df2c000 r--s 000c7000 08:02 3039994                    /usr/local/hbase-2.5.12/lib/hbase-common-2.5.12.jar
ea842df2c000-ea842df48000 r--s 001e3000 08:02 3040000                    /usr/local/hbase-2.5.12/lib/hbase-client-2.5.12.jar
ea842df48000-ea842df4a000 r--s 0000a000 08:02 3039988                    /usr/local/hbase-2.5.12/lib/hbase-asyncfs-2.5.12-tests.jar
ea842df4a000-ea842df4c000 r--s 00018000 08:02 3040004                    /usr/local/hbase-2.5.12/lib/hbase-asyncfs-2.5.12.jar
ea842df4c000-ea842df4d000 r--s 00003000 08:02 3039984                    /usr/local/hbase-2.5.12/lib/hbase-annotations-2.5.12-tests.jar
ea842df4d000-ea842df4f000 r--s 00001000 08:02 3039991                    /usr/local/hbase-2.5.12/lib/hbase-annotations-2.5.12.jar
ea842df4f000-ea842df51000 r--s 00009000 08:02 3040055                    /usr/local/hbase-2.5.12/lib/hamcrest-core-1.3.jar
ea842df51000-ea842df53000 r--s 0000f000 08:02 3040202                    /usr/local/hbase-2.5.12/lib/hadoop-yarn-server-web-proxy-2.10.2.jar
ea842df53000-ea842df58000 r--s 0002d000 08:02 3040203                    /usr/local/hbase-2.5.12/lib/hadoop-yarn-server-timelineservice-2.10.2.jar
ea842df58000-ea842df5b000 r--s 00022000 08:02 3040196                    /usr/local/hbase-2.5.12/lib/hadoop-yarn-server-tests-2.10.2-tests.jar
ea842df5b000-ea842df7b000 r--s 001c8000 08:02 3040197                    /usr/local/hbase-2.5.12/lib/hadoop-yarn-server-resourcemanager-2.10.2.jar
ea842df7b000-ea842df91000 r--s 0010b000 08:02 3040147                    /usr/local/hbase-2.5.12/lib/hadoop-yarn-server-nodemanager-2.10.2.jar
ea842df91000-ea842dfa8000 r--s 0012e000 08:02 3040141                    /usr/local/hbase-2.5.12/lib/hadoop-yarn-server-common-2.10.2.jar
ea842dfa8000-ea842dfb1000 r--s 0008e000 08:02 3040198                    /usr/local/hbase-2.5.12/lib/hadoop-yarn-server-applicationhistoryservice-2.10.2.jar
ea842dfb1000-ea842dfb4000 r--s 0001d000 08:02 3040142                    /usr/local/hbase-2.5.12/lib/hadoop-yarn-registry-2.10.2.jar
ea842dfb4000-ea842dfd0000 r--s 001d6000 08:02 3040031                    /usr/local/hbase-2.5.12/lib/hadoop-yarn-common-2.10.2.jar
ea842dfd0000-ea842dfd4000 r--s 00040000 08:02 3040030                    /usr/local/hbase-2.5.12/lib/hadoop-yarn-client-2.10.2.jar
ea842dfd4000-ea842dffc000 r--s 0029c000 08:02 3040127                    /usr/local/hbase-2.5.12/lib/hadoop-yarn-api-2.10.2.jar
ea842dffc000-ea842dffe000 r--s 0000a000 08:02 3040208                    /usr/local/hbase-2.5.12/lib/hadoop-minikdc-2.10.2.jar
ea842dffe000-ea842dfff000 r--s 00007000 08:02 3040195                    /usr/local/hbase-2.5.12/lib/hadoop-minicluster-2.10.2.jar
ea842dfff000-ea842e001000 r--s 00013000 08:02 3040140                    /usr/local/hbase-2.5.12/lib/hadoop-mapreduce-client-shuffle-2.10.2.jar
ea842e001000-ea842e002000 r--s 00011000 08:02 3040138                    /usr/local/hbase-2.5.12/lib/hadoop-mapreduce-client-jobclient-2.10.2.jar
ea842e002000-ea842e005000 r--s 0002e000 08:02 3040207                    /usr/local/hbase-2.5.12/lib/hadoop-mapreduce-client-hs-2.10.2.jar
ea842e005000-ea842e01e000 r--s 00174000 08:02 3040029                    /usr/local/hbase-2.5.12/lib/hadoop-mapreduce-client-core-2.10.2.jar
ea842e01e000-ea842e02b000 r--s 000b5000 08:02 3040139                    /usr/local/hbase-2.5.12/lib/hadoop-mapreduce-client-common-2.10.2.jar
ea842e02b000-ea842e036000 r--s 00085000 08:02 3040126                    /usr/local/hbase-2.5.12/lib/hadoop-mapreduce-client-app-2.10.2.jar
ea842e036000-ea842e071000 r--s 003d6000 08:02 3040093                    /usr/local/hbase-2.5.12/lib/hadoop-hdfs-client-2.10.2.jar
ea842e071000-ea842e0a1000 r--s 00421000 08:02 3040194                    /usr/local/hbase-2.5.12/lib/hadoop-hdfs-2.10.2-tests.jar
ea842e0a1000-ea842e0e1000 r--s 004b8000 08:02 3040092                    /usr/local/hbase-2.5.12/lib/hadoop-hdfs-2.10.2.jar
ea842e0e1000-ea842e0e4000 r--s 00026000 08:02 3040083                    /usr/local/hbase-2.5.12/lib/hadoop-distcp-2.10.2.jar
ea842e0e4000-ea842e121000 r--s 00396000 08:02 3040037                    /usr/local/hbase-2.5.12/lib/hadoop-common-2.10.2.jar
ea842e121000-ea842e124000 r--s 0001c000 08:02 3040084                    /usr/local/hbase-2.5.12/lib/hadoop-auth-2.10.2.jar
ea842e124000-ea842e126000 r--s 0000a000 08:02 3040091                    /usr/local/hbase-2.5.12/lib/hadoop-annotations-2.10.2.jar
ea842e126000-ea842e128000 r--s 0000e000 08:02 3040035                    /usr/local/hbase-2.5.12/lib/guice-servlet-3.0.jar
ea842e128000-ea842e137000 r--s 0009f000 08:02 3040032                    /usr/local/hbase-2.5.12/lib/guice-3.0.jar
ea842e137000-ea842e158000 r--s 00172000 08:02 3040038                    /usr/local/hbase-2.5.12/lib/guava-11.0.2.jar
ea842e158000-ea842e15d000 r--s 0002a000 08:02 3040052                    /usr/local/hbase-2.5.12/lib/gson-2.2.4.jar
ea842e15d000-ea842e160000 r--s 0000b000 08:02 3040143                    /usr/local/hbase-2.5.12/lib/geronimo-jcache_1.0_spec-1.0-alpha-1.jar
ea842e160000-ea842e167000 r--s 00058000 08:02 3040199                    /usr/local/hbase-2.5.12/lib/fst-2.50.jar
ea842e167000-ea842e17d000 r--s 000e1000 08:02 3040217                    /usr/local/hbase-2.5.12/lib/ehcache-core-2.4.4.jar
ea842e17d000-ea842e1a3000 r--s 00180000 08:02 3040144                    /usr/local/hbase-2.5.12/lib/ehcache-3.3.1.jar
ea842e1a3000-ea842e1a6000 r--s 00012000 08:02 3040081                    /usr/local/hbase-2.5.12/lib/disruptor-3.4.4.jar
ea842e1a6000-ea842e1ae000 r--s 00047000 08:02 3040159                    /usr/local/hbase-2.5.12/lib/curator-recipes-5.7.1.jar
ea842e1ae000-ea842e1f0000 r--s 002de000 08:02 3040158                    /usr/local/hbase-2.5.12/lib/curator-client-5.7.1.jar
ea842e1f0000-ea842e200000 ---p 00000000 00:00 0 
ea842e200000-ea842e400000 rw-p 00000000 00:00 0 
ea842e400000-ea842e403000 ---p 00000000 00:00 0 
ea842e403000-ea842e600000 rw-p 00000000 00:00 0 
ea842e600000-ea842e608000 r--s 0004b000 08:02 3040157                    /usr/local/hbase-2.5.12/lib/curator-framework-5.7.1.jar
ea842e608000-ea842e60b000 r--s 00019000 08:02 3040244                    /usr/local/hbase-2.5.12/lib/commons-pool-1.6.jar
ea842e60b000-ea842e610000 r--s 0003e000 08:02 3040040                    /usr/local/hbase-2.5.12/lib/commons-net-3.1.jar
ea842e610000-ea842e637000 r--s 001f6000 08:02 3040025                    /usr/local/hbase-2.5.12/lib/commons-math3-3.6.1.jar
ea842e637000-ea842e643000 r--s 00099000 08:02 3040026                    /usr/local/hbase-2.5.12/lib/commons-lang3-3.17.0.jar
ea842e643000-ea842e648000 r--s 00041000 08:02 3040049                    /usr/local/hbase-2.5.12/lib/commons-lang-2.6.jar
ea842e648000-ea842e653000 r--s 00079000 08:02 3040066                    /usr/local/hbase-2.5.12/lib/commons-io-2.18.0.jar
ea842e653000-ea842e659000 r--s 00043000 08:02 3040050                    /usr/local/hbase-2.5.12/lib/commons-configuration-1.6.jar
ea842e659000-ea842e66a000 r--s 000e8000 08:02 3040054                    /usr/local/hbase-2.5.12/lib/commons-compress-1.21.jar
ea842e66a000-ea842e677000 r--s 00083000 08:02 3040041                    /usr/local/hbase-2.5.12/lib/commons-collections-3.2.2.jar
ea842e677000-ea842e688000 r--s 000c6000 08:02 3040063                    /usr/local/hbase-2.5.12/lib/caffeine-2.8.1.jar
ea842e688000-ea842e745000 r--s 00757000 08:02 3040184                    /usr/local/hbase-2.5.12/lib/byte-buddy-1.15.11.jar
ea842e745000-ea842e756000 r--s 000c8000 08:02 3040215                    /usr/local/hbase-2.5.12/lib/api-ldap-model-1.0.0-M20.jar
ea842e756000-ea842e7d0000 r--s 01108000 08:02 3032484                    /usr/lib/jvm/java-8-openjdk-arm64/lib/tools.jar
ea842e7d0000-ea842e7e0000 ---p 00000000 00:00 0 
ea842e7e0000-ea842e7e3000 ---p 00000000 00:00 0 
ea842e7e3000-ea842e9e0000 rw-p 00000000 00:00 0 
ea842e9e0000-ea842e9f0000 ---p 00000000 00:00 0 
ea842e9f0000-ea842e9f3000 ---p 00000000 00:00 0 
ea842e9f3000-ea842ebf0000 rw-p 00000000 00:00 0 
ea842ebf0000-ea842ec00000 ---p 00000000 00:00 0 
ea842ec00000-ea842ec03000 ---p 00000000 00:00 0 
ea842ec03000-ea842ee00000 rw-p 00000000 00:00 0 
ea842ee00000-ea842ee03000 ---p 00000000 00:00 0 
ea842ee03000-ea842f000000 rw-p 00000000 00:00 0 
ea842f000000-ea842f003000 ---p 00000000 00:00 0 
ea842f003000-ea842f200000 rw-p 00000000 00:00 0 
ea842f200000-ea842f4eb000 r--p 00000000 08:02 2228655                    /usr/lib/locale/locale-archive
ea842f4eb000-ea842f4ed000 r--s 00003000 08:02 3040023                    /usr/local/hbase-2.5.12/lib/error_prone_annotations-2.38.0.jar
ea842f4ed000-ea842f53e000 r--s 00254000 08:02 3040243                    /usr/local/hbase-2.5.12/lib/api-all-1.0.0-M20.jar
ea842f53e000-ea842f550000 r--s 00097000 08:02 3040087                    /usr/local/hbase-2.5.12/lib/apacheds-kerberos-codec-2.0.0-M15.jar
ea842f550000-ea842f551000 r-xp 00000000 08:02 2532511                    /usr/lib/jvm/java-8-openjdk-arm64/jre/lib/aarch64/libjaas_unix.so
ea842f551000-ea842f56f000 ---p 00001000 08:02 2532511                    /usr/lib/jvm/java-8-openjdk-arm64/jre/lib/aarch64/libjaas_unix.so
ea842f56f000-ea842f570000 r--p 0000f000 08:02 2532511                    /usr/lib/jvm/java-8-openjdk-arm64/jre/lib/aarch64/libjaas_unix.so
ea842f570000-ea842f571000 rw-p 00010000 08:02 2532511                    /usr/lib/jvm/java-8-openjdk-arm64/jre/lib/aarch64/libjaas_unix.so
ea842f571000-ea842f572000 r--s 00007000 08:02 3040125                    /usr/local/hbase-2.5.12/lib/hadoop-client-2.10.2.jar
ea842f572000-ea842f576000 r--s 00020000 08:02 3040051                    /usr/local/hbase-2.5.12/lib/commons-digester-1.8.jar
ea842f576000-ea842f580000 r--s 00028000 08:02 3040064                    /usr/local/hbase-2.5.12/lib/checker-qual-3.1.0.jar
ea842f580000-ea842f59c000 r-xp 00000000 08:02 2532523                    /usr/lib/jvm/java-8-openjdk-arm64/jre/lib/aarch64/libnet.so
ea842f59c000-ea842f5af000 ---p 0001c000 08:02 2532523                    /usr/lib/jvm/java-8-openjdk-arm64/jre/lib/aarch64/libnet.so
ea842f5af000-ea842f5b0000 r--p 0001f000 08:02 2532523                    /usr/lib/jvm/java-8-openjdk-arm64/jre/lib/aarch64/libnet.so
ea842f5b0000-ea842f5b1000 rw-p 00020000 08:02 2532523                    /usr/lib/jvm/java-8-openjdk-arm64/jre/lib/aarch64/libnet.so
ea842f5b1000-ea842f5b3000 r--s 00007000 08:02 3040204                    /usr/local/hbase-2.5.12/lib/commons-csv-1.0.jar
ea842f5b3000-ea842f5ba000 r--s 00050000 08:02 3040058                    /usr/local/hbase-2.5.12/lib/commons-codec-1.15.jar
ea842f5ba000-ea842f5c0000 r--s 00054000 08:02 3040185                    /usr/local/hbase-2.5.12/lib/byte-buddy-agent-1.15.11.jar
ea842f5c0000-ea842f5d4000 r-xp 00000000 08:02 2532524                    /usr/lib/jvm/java-8-openjdk-arm64/jre/lib/aarch64/libnio.so
ea842f5d4000-ea842f5ef000 ---p 00014000 08:02 2532524                    /usr/lib/jvm/java-8-openjdk-arm64/jre/lib/aarch64/libnio.so
ea842f5ef000-ea842f5f0000 r--p 0001f000 08:02 2532524                    /usr/lib/jvm/java-8-openjdk-arm64/jre/lib/aarch64/libnio.so
ea842f5f0000-ea842f5f1000 rw-p 00020000 08:02 2532524                    /usr/lib/jvm/java-8-openjdk-arm64/jre/lib/aarch64/libnio.so
ea842f5f1000-ea842f5f4000 r--s 00026000 08:02 3040082                    /usr/local/hbase-2.5.12/lib/commons-crypto-1.1.0.jar
ea842f5f4000-ea842f600000 r--s 00094000 08:02 3040034                    /usr/local/hbase-2.5.12/lib/avro-1.11.4.jar
ea842f600000-ea842f603000 ---p 00000000 00:00 0 
ea842f603000-ea842f800000 rw-p 00000000 00:00 0 
ea842f800000-ea842f803000 ---p 00000000 00:00 0 
ea842f803000-ea842fa00000 rw-p 00000000 00:00 0 
ea842fa00000-ea842fa01000 r--s 00006000 08:02 3040177                    /usr/local/hbase-2.5.12/lib/gmbal-api-only-4.0.3.jar
ea842fa01000-ea842fa70000 rw-p 00000000 00:00 0 
ea842fa70000-ea842fbad000 r--s 01a44000 08:02 3040273                    /usr/local/hbase-2.5.12/lib/ruby/jruby-complete-9.2.21.0.jar
ea842fbad000-ea842fbd0000 r--s 00198000 08:02 3040284                    /usr/local/hbase-2.5.12/lib/client-facing-thirdparty/log4j-core-2.17.2.jar
ea842fbd0000-ea842fbe0000 ---p 00000000 00:00 0 
ea842fbe0000-ea842fde0000 rw-p 00000000 00:00 0 
ea842fde0000-ea842fe2e000 rw-p 00000000 00:00 0 
ea842fe2e000-ea8430000000 r--s 03cd0000 08:02 2532577                    /usr/lib/jvm/java-8-openjdk-arm64/jre/lib/rt.jar
ea8430000000-ea8432800000 rw-p 00000000 00:00 0 
ea8432800000-ea8432801000 r--s 00005000 08:02 3040096                    /usr/local/hbase-2.5.12/lib/commons-daemon-1.0.13.jar
ea8432801000-ea8432803000 r--s 0000d000 08:02 3040161                    /usr/local/hbase-2.5.12/lib/commons-cli-1.5.0.jar
ea8432803000-ea8432805000 r--s 00009000 08:02 3040166                    /usr/local/hbase-2.5.12/lib/brotli4j-1.11.0.jar
ea8432805000-ea8432807000 r--s 00012000 08:02 3040090                    /usr/local/hbase-2.5.12/lib/api-util-1.0.0-M20.jar
ea8432807000-ea8432809000 r--s 0000a000 08:02 3040234                    /usr/local/hbase-2.5.12/lib/api-ldap-extras-trigger-1.0.0-M20.jar
ea8432809000-ea843280b000 r--s 00002000 08:02 3040252                    /usr/local/hbase-2.5.12/lib/api-ldap-extras-sp-1.0.0-M20.jar
ea843280b000-ea84347ce000 rw-p 00000000 00:00 0 
ea84347ce000-ea8438000000 ---p 00000000 00:00 0 
ea8438000000-ea8439dd2000 rw-p 00000000 00:00 0 
ea8439dd2000-ea843c000000 ---p 00000000 00:00 0 
ea843c000000-ea843d090000 rwxp 00000000 00:00 0 
ea843d090000-ea8444000000 ---p 00000000 00:00 0 
ea8444000000-ea8446157000 rw-p 00000000 00:00 0 
ea8446157000-ea8448000000 ---p 00000000 00:00 0 
ea8448000000-ea8448001000 r--s 0000a000 08:02 3040045                    /usr/local/hbase-2.5.12/lib/asm-3.1.jar
ea8448001000-ea844801c000 r--s 001d6000 08:02 2532550                    /usr/lib/jvm/java-8-openjdk-arm64/jre/lib/ext/nashorn.jar
ea844801c000-ea84481a1000 rw-p 00000000 00:00 0 
ea84481a1000-ea84481b1000 ---p 00000000 00:00 0 
ea84481b1000-ea84483b1000 rw-p 00000000 00:00 0 
ea84483b1000-ea84489b7000 rw-p 00000000 00:00 0 
ea84489b7000-ea84489c7000 ---p 00000000 00:00 0 
ea84489c7000-ea8448bc7000 rw-p 00000000 00:00 0 
ea8448bc7000-ea8448bd7000 ---p 00000000 00:00 0 
ea8448bd7000-ea8448dd7000 rw-p 00000000 00:00 0 
ea8448dd7000-ea8448e01000 rw-p 00000000 00:00 0 
ea8448e01000-ea84490bc000 ---p 00000000 00:00 0 
ea84490bc000-ea84495d6000 rw-p 00000000 00:00 0 
ea84495d6000-ea84496ba000 ---p 00000000 00:00 0 
ea84496ba000-ea84496e4000 rw-p 00000000 00:00 0 
ea84496e4000-ea844999f000 ---p 00000000 00:00 0 
ea844999f000-ea84499a0000 rw-p 00000000 00:00 0 
ea84499a0000-ea84499b0000 ---p 00000000 00:00 0 
ea84499b0000-ea8449bb0000 rw-p 00000000 00:00 0 
ea8449bb0000-ea8449bc0000 ---p 00000000 00:00 0 
ea8449bc0000-ea8449dc0000 rw-p 00000000 00:00 0 
ea8449dc0000-ea8449dd0000 ---p 00000000 00:00 0 
ea8449dd0000-ea8449fd0000 rw-p 00000000 00:00 0 
ea8449fd0000-ea8449fe0000 ---p 00000000 00:00 0 
ea8449fe0000-ea844a1e0000 rw-p 00000000 00:00 0 
ea844a1e0000-ea844a1f0000 ---p 00000000 00:00 0 
ea844a1f0000-ea844a3f0000 rw-p 00000000 00:00 0 
ea844a3f0000-ea844a400000 ---p 00000000 00:00 0 
ea844a400000-ea844a600000 rw-p 00000000 00:00 0 
ea844a600000-ea844a643000 rw-p 00000000 00:00 0 
ea844a643000-ea844a800000 ---p 00000000 00:00 0 
ea844a800000-ea844a803000 r--s 0000b000 08:02 3040250                    /usr/local/hbase-2.5.12/lib/api-ldap-extras-codec-api-1.0.0-M20.jar
ea844a803000-ea844a809000 r--s 0002d000 08:02 3040251                    /usr/local/hbase-2.5.12/lib/api-ldap-extras-codec-1.0.0-M20.jar
ea844a809000-ea844a80b000 r--s 00017000 08:02 3040213                    /usr/local/hbase-2.5.12/lib/api-ldap-extras-aci-1.0.0-M20.jar
ea844a80b000-ea844a827000 r--s 00394000 08:02 2532545                    /usr/lib/jvm/java-8-openjdk-arm64/jre/lib/ext/cldrdata.jar
ea844a827000-ea844a9f0000 rw-p 00000000 00:00 0 
ea844a9f0000-ea844a9f9000 r-xp 00000000 08:02 2532531                    /usr/lib/jvm/java-8-openjdk-arm64/jre/lib/aarch64/libzip.so
ea844a9f9000-ea844aa0f000 ---p 00009000 08:02 2532531                    /usr/lib/jvm/java-8-openjdk-arm64/jre/lib/aarch64/libzip.so
ea844aa0f000-ea844aa10000 r--p 0000f000 08:02 2532531                    /usr/lib/jvm/java-8-openjdk-arm64/jre/lib/aarch64/libzip.so
ea844aa10000-ea844aa11000 rw-p 00010000 08:02 2532531                    /usr/lib/jvm/java-8-openjdk-arm64/jre/lib/aarch64/libzip.so
ea844aa11000-ea844aa12000 r--s 00004000 08:02 3040214                    /usr/local/hbase-2.5.12/lib/api-ldap-extras-util-1.0.0-M20.jar
ea844aa12000-ea844aa1a000 r--s 00049000 08:02 3040212                    /usr/local/hbase-2.5.12/lib/api-ldap-codec-core-1.0.0-M20.jar
ea844aa1a000-ea844aa1c000 r--s 00012000 08:02 3040211                    /usr/local/hbase-2.5.12/lib/api-ldap-client-api-1.0.0-M20.jar
ea844aa1c000-ea844aa1e000 r--s 00009000 08:02 3040249                    /usr/local/hbase-2.5.12/lib/api-asn1-ber-1.0.0-M20.jar
ea844aa1e000-ea844aa20000 r--s 00003000 08:02 3040089                    /usr/local/hbase-2.5.12/lib/api-asn1-api-1.0.0-M20.jar
ea844aa20000-ea844aa4e000 r-xp 00000000 08:02 2532512                    /usr/lib/jvm/java-8-openjdk-arm64/jre/lib/aarch64/libjava.so
ea844aa4e000-ea844aa5f000 ---p 0002e000 08:02 2532512                    /usr/lib/jvm/java-8-openjdk-arm64/jre/lib/aarch64/libjava.so
ea844aa5f000-ea844aa60000 r--p 0002f000 08:02 2532512                    /usr/lib/jvm/java-8-openjdk-arm64/jre/lib/aarch64/libjava.so
ea844aa60000-ea844aa62000 rw-p 00030000 08:02 2532512                    /usr/lib/jvm/java-8-openjdk-arm64/jre/lib/aarch64/libjava.so
ea844aa62000-ea844aa63000 r--s 0000a000 08:02 3040191                    /usr/local/hbase-2.5.12/lib/api-i18n-1.0.0-M20.jar
ea844aa63000-ea844aa67000 r--s 00028000 08:02 3040239                    /usr/local/hbase-2.5.12/lib/apacheds-xdbm-partition-2.0.0-M15.jar
ea844aa67000-ea844aa68000 r--s 00007000 08:02 3040235                    /usr/local/hbase-2.5.12/lib/apacheds-protocol-shared-2.0.0-M15.jar
ea844aa68000-ea844aa6c000 r--s 00034000 08:02 3040248                    /usr/local/hbase-2.5.12/lib/apacheds-protocol-ldap-2.0.0-M15.jar
ea844aa6c000-ea844aa6e000 r--s 00013000 08:02 3040236                    /usr/local/hbase-2.5.12/lib/apacheds-protocol-kerberos-2.0.0-M15.jar
ea844aa6e000-ea844aa70000 r--s 0000a000 08:02 3040240                    /usr/local/hbase-2.5.12/lib/apacheds-mavibot-partition-2.0.0-M15.jar
ea844aa70000-ea844aa7d000 r-xp 00000000 08:02 2532530                    /usr/lib/jvm/java-8-openjdk-arm64/jre/lib/aarch64/libverify.so
ea844aa7d000-ea844aa8e000 ---p 0000d000 08:02 2532530                    /usr/lib/jvm/java-8-openjdk-arm64/jre/lib/aarch64/libverify.so
ea844aa8e000-ea844aa90000 r--p 0000e000 08:02 2532530                    /usr/lib/jvm/java-8-openjdk-arm64/jre/lib/aarch64/libverify.so
ea844aa90000-ea844aa91000 rw-p 00010000 08:02 2532530                    /usr/lib/jvm/java-8-openjdk-arm64/jre/lib/aarch64/libverify.so
ea844aa91000-ea844aa93000 r--s 00006000 08:02 3040238                    /usr/local/hbase-2.5.12/lib/apacheds-ldif-partition-2.0.0-M15.jar
ea844aa93000-ea844aa95000 r--s 00010000 08:02 3040246                    /usr/local/hbase-2.5.12/lib/apacheds-jdbm-partition-2.0.0-M15.jar
ea844aa95000-ea844aa98000 r--s 00017000 08:02 3040247                    /usr/local/hbase-2.5.12/lib/apacheds-jdbm1-2.0.0-M2.jar
ea844aa98000-ea844aa9a000 r--s 0000a000 08:02 3040233                    /usr/local/hbase-2.5.12/lib/apacheds-interceptors-trigger-2.0.0-M15.jar
ea844aa9a000-ea844aa9b000 r--s 00006000 08:02 3040232                    /usr/local/hbase-2.5.12/lib/apacheds-interceptors-subtree-2.0.0-M15.jar
ea844aa9b000-ea844aa9c000 r--s 00009000 08:02 3040231                    /usr/local/hbase-2.5.12/lib/apacheds-interceptors-schema-2.0.0-M15.jar
ea844aa9c000-ea844aa9d000 r--s 00002000 08:02 3040230                    /usr/local/hbase-2.5.12/lib/apacheds-interceptors-referral-2.0.0-M15.jar
ea844aa9d000-ea844aa9e000 r--s 00003000 08:02 3040229                    /usr/local/hbase-2.5.12/lib/apacheds-interceptors-operational-2.0.0-M15.jar
ea844aa9e000-ea844aa9f000 r--s 00003000 08:02 3040228                    /usr/local/hbase-2.5.12/lib/apacheds-interceptors-normalization-2.0.0-M15.jar
ea844aa9f000-ea844aaa0000 r--s 00003000 08:02 3040227                    /usr/local/hbase-2.5.12/lib/apacheds-interceptors-journal-2.0.0-M15.jar
ea844aaa0000-ea844aaa1000 r-xp 00000000 08:02 2266780                    /usr/lib/aarch64-linux-gnu/librt.so.1
ea844aaa1000-ea844aabf000 ---p 00001000 08:02 2266780                    /usr/lib/aarch64-linux-gnu/librt.so.1
ea844aabf000-ea844aac0000 r--p 0000f000 08:02 2266780                    /usr/lib/aarch64-linux-gnu/librt.so.1
ea844aac0000-ea844aac1000 rw-p 00010000 08:02 2266780                    /usr/lib/aarch64-linux-gnu/librt.so.1
ea844aac1000-ea844aac2000 r--s 00002000 08:02 3040226                    /usr/local/hbase-2.5.12/lib/apacheds-interceptors-exception-2.0.0-M15.jar
ea844aac2000-ea844aac3000 r--s 00004000 08:02 3040225                    /usr/local/hbase-2.5.12/lib/apacheds-interceptors-event-2.0.0-M15.jar
ea844aac3000-ea844aac4000 r--s 00003000 08:02 3040224                    /usr/local/hbase-2.5.12/lib/apacheds-interceptors-collective-2.0.0-M15.jar
ea844aac4000-ea844aac6000 r--s 00004000 08:02 3040223                    /usr/local/hbase-2.5.12/lib/apacheds-interceptors-changelog-2.0.0-M15.jar
ea844aac6000-ea844aac8000 r--s 0000e000 08:02 3040222                    /usr/local/hbase-2.5.12/lib/apacheds-interceptors-authz-2.0.0-M15.jar
ea844aac8000-ea844aaca000 r--s 00009000 08:02 3040221                    /usr/local/hbase-2.5.12/lib/apacheds-interceptors-authn-2.0.0-M15.jar
ea844aaca000-ea844aad0000 r--s 0003a000 08:02 3040209                    /usr/local/hbase-2.5.12/lib/apacheds-core-api-2.0.0-M15.jar
ea844aad0000-ea844aae0000 ---p 00000000 00:00 0 
ea844aae0000-ea844aae3000 ---p 00000000 00:00 0 
ea844aae3000-ea844ace0000 rw-p 00000000 00:00 0 
ea844ace0000-ea844acff000 r-xp 00000000 08:02 2229741                    /usr/lib/aarch64-linux-gnu/libgcc_s.so.1
ea844acff000-ea844ad0f000 ---p 0001f000 08:02 2229741                    /usr/lib/aarch64-linux-gnu/libgcc_s.so.1
ea844ad0f000-ea844ad10000 r--p 0001f000 08:02 2229741                    /usr/lib/aarch64-linux-gnu/libgcc_s.so.1
ea844ad10000-ea844ad11000 rw-p 00020000 08:02 2229741                    /usr/lib/aarch64-linux-gnu/libgcc_s.so.1
ea844ad11000-ea844ad12000 r--s 00004000 08:02 3040220                    /usr/local/hbase-2.5.12/lib/apacheds-interceptors-admin-2.0.0-M15.jar
ea844ad12000-ea844ad13000 r--s 00003000 08:02 3040218                    /usr/local/hbase-2.5.12/lib/apacheds-interceptor-kerberos-2.0.0-M15.jar
ea844ad13000-ea844ad18000 r--s 00068000 08:02 3040245                    /usr/local/hbase-2.5.12/lib/antlr-2.7.7.jar
ea844ad18000-ea844ad20000 r--s 00065000 08:02 3040067                    /usr/local/hbase-2.5.12/lib/agrona-1.12.0.jar
ea844ad20000-ea844ada5000 r-xp 00000000 08:02 2266769                    /usr/lib/aarch64-linux-gnu/libm.so.6
ea844ada5000-ea844adbf000 ---p 00085000 08:02 2266769                    /usr/lib/aarch64-linux-gnu/libm.so.6
ea844adbf000-ea844adc0000 r--p 0008f000 08:02 2266769                    /usr/lib/aarch64-linux-gnu/libm.so.6
ea844adc0000-ea844adc1000 rw-p 00090000 08:02 2266769                    /usr/lib/aarch64-linux-gnu/libm.so.6
ea844adc1000-ea844adc2000 r--s 0000a000 08:02 3040088                    /usr/local/hbase-2.5.12/lib/apacheds-i18n-2.0.0-M15.jar
ea844adc2000-ea844adc4000 r--s 00008000 08:02 3040237                    /usr/local/hbase-2.5.12/lib/apacheds-core-shared-2.0.0-M15.jar
ea844adc4000-ea844adca000 r--s 00045000 08:02 3040286                    /usr/local/hbase-2.5.12/lib/client-facing-thirdparty/log4j-1.2-api-2.17.2.jar
ea844adca000-ea844add0000 r--s 00044000 08:02 3040283                    /usr/local/hbase-2.5.12/lib/client-facing-thirdparty/log4j-api-2.17.2.jar
ea844add0000-ea844b03d000 r-xp 00000000 08:02 2229910                    /usr/lib/aarch64-linux-gnu/libstdc++.so.6.0.33
ea844b03d000-ea844b045000 ---p 0026d000 08:02 2229910                    /usr/lib/aarch64-linux-gnu/libstdc++.so.6.0.33
ea844b045000-ea844b050000 r--p 00275000 08:02 2229910                    /usr/lib/aarch64-linux-gnu/libstdc++.so.6.0.33
ea844b050000-ea844b053000 rw-p 00280000 08:02 2229910                    /usr/lib/aarch64-linux-gnu/libstdc++.so.6.0.33
ea844b053000-ea844b057000 rw-p 00000000 00:00 0 
ea844b057000-ea844b058000 r--s 00002000 08:02 3040210                    /usr/local/hbase-2.5.12/lib/apacheds-core-constants-2.0.0-M15.jar
ea844b058000-ea844b05a000 r--s 0000a000 08:02 3040219                    /usr/local/hbase-2.5.12/lib/apacheds-core-2.0.0-M15.jar
ea844b05a000-ea844b060000 r--s 0003e000 08:02 2532552                    /usr/lib/jvm/java-8-openjdk-arm64/jre/lib/ext/sunjce_provider.jar
ea844b060000-ea844bd8b000 r-xp 00000000 08:02 2532534                    /usr/lib/jvm/java-8-openjdk-arm64/jre/lib/aarch64/server/libjvm.so
ea844bd8b000-ea844bd9c000 ---p 00d2b000 08:02 2532534                    /usr/lib/jvm/java-8-openjdk-arm64/jre/lib/aarch64/server/libjvm.so
ea844bd9c000-ea844be20000 r--p 00d2c000 08:02 2532534                    /usr/lib/jvm/java-8-openjdk-arm64/jre/lib/aarch64/server/libjvm.so
ea844be20000-ea844be4a000 rw-p 00db0000 08:02 2532534                    /usr/lib/jvm/java-8-openjdk-arm64/jre/lib/aarch64/server/libjvm.so
ea844be4a000-ea844beaf000 rw-p 00000000 00:00 0 
ea844beaf000-ea844beb0000 r--s 0000e000 08:02 3040242                    /usr/local/hbase-2.5.12/lib/apacheds-core-avl-2.0.0-M15.jar
ea844beb0000-ea844c049000 r-xp 00000000 08:02 2266766                    /usr/lib/aarch64-linux-gnu/libc.so.6
ea844c049000-ea844c05d000 ---p 00199000 08:02 2266766                    /usr/lib/aarch64-linux-gnu/libc.so.6
ea844c05d000-ea844c060000 r--p 0019d000 08:02 2266766                    /usr/lib/aarch64-linux-gnu/libc.so.6
ea844c060000-ea844c062000 rw-p 001a0000 08:02 2266766                    /usr/lib/aarch64-linux-gnu/libc.so.6
ea844c062000-ea844c06e000 rw-p 00000000 00:00 0 
ea844c06e000-ea844c070000 r--s 00000000 08:02 3040033                    /usr/local/hbase-2.5.12/lib/aopalliance-1.0.jar
ea844c070000-ea844c07e000 r-xp 00000000 08:02 2532498                    /usr/lib/jvm/java-8-openjdk-arm64/jre/lib/aarch64/jli/libjli.so
ea844c07e000-ea844c08f000 ---p 0000e000 08:02 2532498                    /usr/lib/jvm/java-8-openjdk-arm64/jre/lib/aarch64/jli/libjli.so
ea844c08f000-ea844c090000 r--p 0000f000 08:02 2532498                    /usr/lib/jvm/java-8-openjdk-arm64/jre/lib/aarch64/jli/libjli.so
ea844c090000-ea844c091000 rw-p 00010000 08:02 2532498                    /usr/lib/jvm/java-8-openjdk-arm64/jre/lib/aarch64/jli/libjli.so
ea844c091000-ea844c096000 r--s 0003a000 08:02 3040164                    /usr/local/hbase-2.5.12/lib/aircompressor-0.27.jar
ea844c096000-ea844c0a0000 r--s 00117000 08:02 2532549                    /usr/lib/jvm/java-8-openjdk-arm64/jre/lib/ext/localedata.jar
ea844c0a0000-ea844c0ba000 r-xp 00000000 08:02 2229955                    /usr/lib/aarch64-linux-gnu/libz.so.1.3
ea844c0ba000-ea844c0cf000 ---p 0001a000 08:02 2229955                    /usr/lib/aarch64-linux-gnu/libz.so.1.3
ea844c0cf000-ea844c0d0000 r--p 0001f000 08:02 2229955                    /usr/lib/aarch64-linux-gnu/libz.so.1.3
ea844c0d0000-ea844c0d1000 rw-p 00020000 08:02 2229955                    /usr/lib/aarch64-linux-gnu/libz.so.1.3
ea844c0d1000-ea844c0d2000 r--s 00005000 08:02 3040285                    /usr/local/hbase-2.5.12/lib/client-facing-thirdparty/log4j-slf4j-impl-2.17.2.jar
ea844c0d2000-ea844c0d4000 r--s 00008000 08:02 2532551                    /usr/lib/jvm/java-8-openjdk-arm64/jre/lib/ext/sunec.jar
ea844c0d4000-ea844c0d6000 r--s 0000c000 08:02 2274913                    /usr/share/java/java-atk-wrapper.jar
ea844c0d6000-ea844c0d7000 r--s 0000a000 08:02 2532548                    /usr/lib/jvm/java-8-openjdk-arm64/jre/lib/ext/jaccess.jar
ea844c0d7000-ea844c0da000 r--s 0000f000 08:02 2532547                    /usr/lib/jvm/java-8-openjdk-arm64/jre/lib/ext/icedtea-sound.jar
ea844c0da000-ea844c0dd000 r--s 00042000 08:02 2532553                    /usr/lib/jvm/java-8-openjdk-arm64/jre/lib/ext/sunpkcs11.jar
ea844c0dd000-ea844c0df000 r--s 00001000 08:02 2532546                    /usr/lib/jvm/java-8-openjdk-arm64/jre/lib/ext/dnsns.jar
ea844c0df000-ea844c0e1000 r--s 00010000 08:02 2532554                    /usr/lib/jvm/java-8-openjdk-arm64/jre/lib/ext/zipfs.jar
ea844c0e1000-ea844c108000 r-xp 00000000 08:02 2266763                    /usr/lib/aarch64-linux-gnu/ld-linux-aarch64.so.1
ea844c108000-ea844c10a000 rw-p 00000000 00:00 0 
ea844c10a000-ea844c111000 r--s 000d3000 08:02 2532570                    /usr/lib/jvm/java-8-openjdk-arm64/jre/lib/jfr.jar
ea844c111000-ea844c119000 rw-s 00000000 08:02 3407942                    /tmp/hsperfdata_darren/23295
ea844c119000-ea844c11a000 ---p 00000000 00:00 0 
ea844c11a000-ea844c11c000 rw-p 00000000 00:00 0 
ea844c11c000-ea844c11e000 r--p 00000000 00:00 0                          [vvar]
ea844c11e000-ea844c11f000 r-xp 00000000 00:00 0                          [vdso]
ea844c11f000-ea844c121000 r--p 0002e000 08:02 2266763                    /usr/lib/aarch64-linux-gnu/ld-linux-aarch64.so.1
ea844c121000-ea844c123000 rw-p 00030000 08:02 2266763                    /usr/lib/aarch64-linux-gnu/ld-linux-aarch64.so.1
ffffe4d7e000-ffffe4da4000 rw-p 00000000 00:00 0                          [stack]

VM Arguments:
jvm_args: -Dproc_shell -XX:OnOutOfMemoryError=kill -9 %p -XX:+UseConcMarkSweepGC -Djava.util.logging.config.class=org.apache.hadoop.hbase.logging.JulToSlf4jInitializer -Dhbase.log.dir=/usr/local/hbase-2.5.12/logs -Dhbase.log.file=hbase.log -Dhbase.home.dir=/usr/local/hbase-2.5.12 -Dhbase.id.str= -Dhbase.root.logger=INFO,console -Dhbase.security.logger=INFO,NullAppender 
java_command: org.jruby.JarBootstrapMain solution1.hb
java_class_path (initial): /usr/local/hbase-2.5.12/lib/client-facing-thirdparty/log4j-slf4j-impl-2.17.2.jar:/usr/local/hbase-2.5.12/lib/client-facing-thirdparty/log4j-core-2.17.2.jar:/usr/local/hbase-2.5.12/lib/client-facing-thirdparty/log4j-api-2.17.2.jar:/usr/local/hbase-2.5.12/lib/client-facing-thirdparty/log4j-1.2-api-2.17.2.jar:/usr/local/hbase-2.5.12/lib/ruby/jruby-complete-9.2.21.0.jar:/usr/local/hbase-2.5.12/conf:/usr/lib/jvm/java-8-openjdk-arm64/lib/tools.jar:/usr/local/hbase-2.5.12:/usr/local/hbase-2.5.12/lib/agrona-1.12.0.jar:/usr/local/hbase-2.5.12/lib/aircompressor-0.27.jar:/usr/local/hbase-2.5.12/lib/antlr-2.7.7.jar:/usr/local/hbase-2.5.12/lib/aopalliance-1.0.jar:/usr/local/hbase-2.5.12/lib/apacheds-core-2.0.0-M15.jar:/usr/local/hbase-2.5.12/lib/apacheds-core-api-2.0.0-M15.jar:/usr/local/hbase-2.5.12/lib/apacheds-core-avl-2.0.0-M15.jar:/usr/local/hbase-2.5.12/lib/apacheds-core-constants-2.0.0-M15.jar:/usr/local/hbase-2.5.12/lib/apacheds-core-shared-2.0.0-M15.jar:/usr/local/hbase-2.5.12/lib/apacheds-i18n-2.0.0-M15.jar:/usr/local/hbase-2.5.12/lib/apacheds-interceptor-kerberos-2.0.0-M15.jar:/usr/local/hbase-2.5.12/lib/apacheds-interceptors-admin-2.0.0-M15.jar:/usr/local/hbase-2.5.12/lib/apacheds-interceptors-authn-2.0.0-M15.jar:/usr/local/hbase-2.5.12/lib/apacheds-interceptors-authz-2.0.0-M15.jar:/usr/local/hbase-2.5.12/lib/apacheds-interceptors-changelog-2.0.0-M15.jar:/usr/local/hbase-2.5.12/lib/apacheds-interceptors-collective-2.0.0-M15.jar:/usr/local/hbase-2.5.12/lib/apacheds-interceptors-event-2.0.0-M15.jar:/usr/local/hbase-2.5.12/lib/apacheds-interceptors-exception-2.0.0-M15.jar:/usr/local/hbase-2.5.12/lib/apacheds-interceptors-journal-2.0.0-M15.jar:/usr/local/hbase-2.5.12/lib/apacheds-interceptors-normalization-2.0.0-M15.jar:/usr/local/hbase-2.5.12/lib/apacheds-interceptors-operational-2.0.0-M15.jar:/usr/local/hbase-2.5.12/lib/apacheds-interceptors-referral-2.0.0-M15.jar:/usr/local/hbase-2.5.12/lib/apacheds-interceptors-schema-2.0.0-M15.jar:/usr/l
Launcher Type: SUN_STANDARD

Environment Variables:
JAVA_HOME=/usr/lib/jvm/java-8-openjdk-arm64
PATH=/usr/local/hbase-2.5.12/bin:/usr/local/hbase-2.5.12/bin:/usr/local/sbin:/usr/local/bin:/usr/sbin:/usr/bin:/sbin:/bin:/usr/games:/usr/local/games:/snap/bin:/snap/bin:/usr/local/hadoop/sbin:/usr/local/hive/bin::/usr/local/hadoop/sbin:/usr/local/hive/bin::/usr/local/hadoop/sbin:/usr/local/hive/bin::/usr/local/hbase-2.5.12/bin
USERNAME=darren
SHELL=/bin/bash
DISPLAY=:0

Signal Handlers:
SIGSEGV: [libjvm.so+0xae7ae0], sa_mask[0]=11111111011111111101111111111110, sa_flags=SA_RESTART|SA_SIGINFO
SIGBUS: [libjvm.so+0xae7ae0], sa_mask[0]=11111111011111111101111111111110, sa_flags=SA_RESTART|SA_SIGINFO
SIGFPE: [libjvm.so+0x920020], sa_mask[0]=11111111011111111101111111111110, sa_flags=SA_RESTART|SA_SIGINFO
SIGPIPE: [libjvm.so+0x920020], sa_mask[0]=11111111011111111101111111111110, sa_flags=SA_RESTART|SA_SIGINFO
SIGXFSZ: [libjvm.so+0x920020], sa_mask[0]=11111111011111111101111111111110, sa_flags=SA_RESTART|SA_SIGINFO
SIGILL: [libjvm.so+0x920020], sa_mask[0]=11111111011111111101111111111110, sa_flags=SA_RESTART|SA_SIGINFO
SIGUSR1: SIG_DFL, sa_mask[0]=00000000000000000000000000000000, sa_flags=none
SIGUSR2: [libjvm.so+0x91fd30], sa_mask[0]=00000000000000000000000000000000, sa_flags=SA_RESTART|SA_SIGINFO
SIGHUP: [libjvm.so+0x91fe90], sa_mask[0]=11111111011111111101111111111110, sa_flags=SA_RESTART|SA_SIGINFO
SIGINT: [libjvm.so+0x91fe90], sa_mask[0]=11111111011111111101111111111110, sa_flags=SA_RESTART|SA_SIGINFO
SIGTERM: [libjvm.so+0x91fe90], sa_mask[0]=11111111011111111101111111111110, sa_flags=SA_RESTART|SA_SIGINFO
SIGQUIT: [libjvm.so+0x91fe90], sa_mask[0]=11111111011111111101111111111110, sa_flags=SA_RESTART|SA_SIGINFO


---------------  S Y S T E M  ---------------

OS:DISTRIB_ID=Ubuntu
DISTRIB_RELEASE=24.04
DISTRIB_CODENAME=noble
DISTRIB_DESCRIPTION="Ubuntu 24.04.3 LTS"

uname:Linux 6.8.0-87-generic #88-Ubuntu SMP PREEMPT_DYNAMIC Sat Oct 11 09:16:38 UTC 2025 aarch64
libc:glibc 2.39 NPTL 2.39 
rlimit: STACK 8192k, CORE 0k, NPROC 31190, NOFILE 1048576, AS infinity
load average:0.99 0.81 0.68

/proc/meminfo:
MemTotal:        8107676 kB
MemFree:          276300 kB
MemAvailable:    3191164 kB
Buffers:           71392 kB
Cached:          2646232 kB
SwapCached:            0 kB
Active:          5460552 kB
Inactive:        1795440 kB
Active(anon):    4269976 kB
Inactive(anon):    33800 kB
Active(file):    1190576 kB
Inactive(file):  1761640 kB
Unevictable:       31484 kB
Mlocked:           31484 kB
SwapTotal:             0 kB
SwapFree:              0 kB
Zswap:                 0 kB
Zswapped:              0 kB
Dirty:               144 kB
Writeback:             4 kB
AnonPages:       4570052 kB
Mapped:          1046944 kB
Shmem:            234580 kB
KReclaimable:     161408 kB
Slab:             326392 kB
SReclaimable:     161408 kB
SUnreclaim:       164984 kB
KernelStack:       27152 kB
ShadowCallStack:    6812 kB
PageTables:        57168 kB
SecPageTables:         0 kB
NFS_Unstable:          0 kB
Bounce:                0 kB
WritebackTmp:          0 kB
CommitLimit:     4053836 kB
Committed_AS:   15590724 kB
VmallocTotal:   133141626880 kB
VmallocUsed:       53492 kB
VmallocChunk:          0 kB
Percpu:             4392 kB
HardwareCorrupted:     0 kB
AnonHugePages:         0 kB
ShmemHugePages:        0 kB
ShmemPmdMapped:        0 kB
FileHugePages:         0 kB
FilePmdMapped:         0 kB
CmaTotal:          32768 kB
CmaFree:            1356 kB
HugePages_Total:       0
HugePages_Free:        0
HugePages_Rsvd:        0
HugePages_Surp:        0
Hugepagesize:       2048 kB
Hugetlb:               0 kB

container (cgroup) information:
container_type: cgroupv2
cpu_cpuset_cpus: failed
cpu_memory_nodes: failed
active_processor_count: 6
cpu_quota: -2
cpu_period: -2
cpu_shares: -2
memory_limit_in_bytes: -1
memory_and_swap_limit_in_bytes: -1
memory_soft_limit_in_bytes: 0
memory_usage_in_bytes: 1631854592
memory_max_usage_in_bytes: -2


CPU:total 6 (initial active 6) simd, crc, aes, sha1, sha256, lse

/proc/cpuinfo:
processor	: 0
BogoMIPS	: 48.00
Features	: fp asimd evtstrm aes pmull sha1 sha2 crc32 atomics fphp asimdhp cpuid asimdrdm jscvt fcma lrcpc dcpop sha3 asimddp sha512 asimdfhm dit uscat ilrcpc flagm sb paca pacg dcpodp flagm2 frint bf16 afp
CPU implementer	: 0x61
CPU architecture: 8
CPU variant	: 0x0
CPU part	: 0x000
CPU revision	: 0

processor	: 1
BogoMIPS	: 48.00
Features	: fp asimd evtstrm aes pmull sha1 sha2 crc32 atomics fphp asimdhp cpuid asimdrdm jscvt fcma lrcpc dcpop sha3 asimddp sha512 asimdfhm dit uscat ilrcpc flagm sb paca pacg dcpodp flagm2 frint bf16 afp
CPU implementer	: 0x61
CPU architecture: 8
CPU variant	: 0x0
CPU part	: 0x000
CPU revision	: 0

processor	: 2
BogoMIPS	: 48.00
Features	: fp asimd evtstrm aes pmull sha1 sha2 crc32 atomics fphp asimdhp cpuid asimdrdm jscvt fcma lrcpc dcpop sha3 asimddp sha512 asimdfhm dit uscat ilrcpc flagm sb paca pacg dcpodp flagm2 frint bf16 afp
CPU implementer	: 0x61
CPU architecture: 8
CPU variant	: 0x0
CPU part	: 0x000
CPU revision	: 0

processor	: 3
BogoMIPS	: 48.00
Features	: fp asimd evtstrm aes pmull sha1 sha2 crc32 atomics fphp asimdhp cpuid asimdrdm jscvt fcma lrcpc dcpop sha3 asimddp sha512 asimdfhm dit uscat ilrcpc flagm sb paca pacg dcpodp flagm2 frint bf16 afp
CPU implementer	: 0x61
CPU architecture: 8
CPU variant	: 0x0
CPU part	: 0x000
CPU revision	: 0

processor	: 4
BogoMIPS	: 48.00
Features	: fp asimd evtstrm aes pmull sha1 sha2 crc32 atomics fphp asimdhp cpuid asimdrdm jscvt fcma lrcpc dcpop sha3 asimddp sha512 asimdfhm dit uscat ilrcpc flagm sb paca pacg dcpodp flagm2 frint bf16 afp
CPU implementer	: 0x61
CPU architecture: 8
CPU variant	: 0x0
CPU part	: 0x000
CPU revision	: 0

processor	: 5
BogoMIPS	: 48.00
Features	: fp asimd evtstrm aes pmull sha1 sha2 crc32 atomics fphp asimdhp cpuid asimdrdm jscvt fcma lrcpc dcpop sha3 asimddp sha512 asimdfhm dit uscat ilrcpc flagm sb paca pacg dcpodp flagm2 frint bf16 afp
CPU implementer	: 0x61
CPU architecture: 8
CPU variant	: 0x0
CPU part	: 0x000
CPU revision	: 0



Memory: 4k page, physical 8107676k(276300k free), swap 0k(0k free)

vm_info: OpenJDK 64-Bit Server VM (25.462-b08) for linux-aarch64 JRE (1.8.0_462-8u462-ga~us1-0ubuntu2~24.04.2-b08), built on Jul 18 2025 07:00:18 by "buildd" with gcc 13.3.0

time: Fri Nov 14 06:49:10 2025
timezone: UTC
elapsed time: 2.273529 seconds (0d 0h 0m 2s)

